<testsuites id="" name="" tests="20" failures="20" skipped="0" errors="0" time="45.362907">
<testsuite name="flows/enhanced-workflows-integration.spec.ts" timestamp="2025-12-26T20:07:06.702Z" hostname="chromium" tests="4" failures="4" skipped="0" time="21.522" errors="0">
<testcase name="Enhanced Workflows Integration â€º complete upload-to-download workflow with all improvements" classname="flows/enhanced-workflows-integration.spec.ts" time="12.886">
<failure message="enhanced-workflows-integration.spec.ts:16:7 complete upload-to-download workflow with all improvements" type="FAILURE">
<![CDATA[  [chromium] â€º flows/enhanced-workflows-integration.spec.ts:16:7 â€º Enhanced Workflows Integration â€º complete upload-to-download workflow with all improvements 

    Error: Button with text "Criar Conta" not found or not clickable

       at helpers/ui-interactions.ts:80

      78 |     
      79 |     if (!clicked) {
    > 80 |       throw new Error(`Button with text "${buttonText}" not found or not clickable`);
         |             ^
      81 |     }
      82 |     
      83 |     console.log(`âœ… Successfully clicked button: "${buttonText}"`);
        at UIInteractionHelper.clickButton (/Users/carlos/Documents/Github_Projects/docfiscal-frontend/tests/helpers/ui-interactions.ts:80:13)
        at /Users/carlos/Documents/Github_Projects/docfiscal-frontend/tests/flows/enhanced-workflows-integration.spec.ts:40:5

    attachment #1: screenshot (image/png) â”€â”€â”€â”€â”€â”€â”€â”€â”€â”€â”€â”€â”€â”€â”€â”€â”€â”€â”€â”€â”€â”€â”€â”€â”€â”€â”€â”€â”€â”€â”€â”€â”€â”€â”€â”€â”€â”€â”€â”€â”€â”€â”€â”€â”€â”€â”€â”€â”€â”€â”€â”€â”€â”€â”€â”€â”€â”€
    reports/test-results/flows-enhanced-workflows-i-a0fde-kflow-with-all-improvements-chromium/test-failed-1.png
    â”€â”€â”€â”€â”€â”€â”€â”€â”€â”€â”€â”€â”€â”€â”€â”€â”€â”€â”€â”€â”€â”€â”€â”€â”€â”€â”€â”€â”€â”€â”€â”€â”€â”€â”€â”€â”€â”€â”€â”€â”€â”€â”€â”€â”€â”€â”€â”€â”€â”€â”€â”€â”€â”€â”€â”€â”€â”€â”€â”€â”€â”€â”€â”€â”€â”€â”€â”€â”€â”€â”€â”€â”€â”€â”€â”€â”€â”€â”€â”€â”€â”€â”€â”€â”€â”€â”€â”€â”€â”€â”€â”€â”€â”€â”€â”€

    attachment #2: video (video/webm) â”€â”€â”€â”€â”€â”€â”€â”€â”€â”€â”€â”€â”€â”€â”€â”€â”€â”€â”€â”€â”€â”€â”€â”€â”€â”€â”€â”€â”€â”€â”€â”€â”€â”€â”€â”€â”€â”€â”€â”€â”€â”€â”€â”€â”€â”€â”€â”€â”€â”€â”€â”€â”€â”€â”€â”€â”€â”€â”€â”€â”€â”€
    reports/test-results/flows-enhanced-workflows-i-a0fde-kflow-with-all-improvements-chromium/video.webm
    â”€â”€â”€â”€â”€â”€â”€â”€â”€â”€â”€â”€â”€â”€â”€â”€â”€â”€â”€â”€â”€â”€â”€â”€â”€â”€â”€â”€â”€â”€â”€â”€â”€â”€â”€â”€â”€â”€â”€â”€â”€â”€â”€â”€â”€â”€â”€â”€â”€â”€â”€â”€â”€â”€â”€â”€â”€â”€â”€â”€â”€â”€â”€â”€â”€â”€â”€â”€â”€â”€â”€â”€â”€â”€â”€â”€â”€â”€â”€â”€â”€â”€â”€â”€â”€â”€â”€â”€â”€â”€â”€â”€â”€â”€â”€â”€

    Error Context: reports/test-results/flows-enhanced-workflows-i-a0fde-kflow-with-all-improvements-chromium/error-context.md
]]>
</failure>
<system-out>
<![CDATA[ðŸš€ Testing enhanced upload-to-download workflow
ðŸ“ Step 1: Enhanced form validation during registration
ðŸ“ Filling form with data: [ [32m'name'[39m, [32m'email'[39m, [32m'password'[39m, [32m'confirmPassword'[39m ]
âœ… Form filled successfully
ðŸ–±ï¸ Clicking button: "Criar Conta"

[[ATTACHMENT|../test-results/flows-enhanced-workflows-i-a0fde-kflow-with-all-improvements-chromium/test-failed-1.png]]

[[ATTACHMENT|../test-results/flows-enhanced-workflows-i-a0fde-kflow-with-all-improvements-chromium/video.webm]]

[[ATTACHMENT|../test-results/flows-enhanced-workflows-i-a0fde-kflow-with-all-improvements-chromium/error-context.md]]
]]>
</system-out>
</testcase>
<testcase name="Enhanced Workflows Integration â€º authentication persistence across different scenarios" classname="flows/enhanced-workflows-integration.spec.ts" time="2.887">
<failure message="enhanced-workflows-integration.spec.ts:322:7 authentication persistence across different scenarios" type="FAILURE">
<![CDATA[  [chromium] â€º flows/enhanced-workflows-integration.spec.ts:322:7 â€º Enhanced Workflows Integration â€º authentication persistence across different scenarios 

    Error: Login failed: 

       at helpers/auth.ts:79

      77 |         if (errorElement) {
      78 |           const errorText = await errorElement.textContent();
    > 79 |           throw new Error(`Login failed: ${errorText}`);
         |                 ^
      80 |         } else {
      81 |           throw new Error('Login failed: Unknown error');
      82 |         }
        at AuthHelper.login (/Users/carlos/Documents/Github_Projects/docfiscal-frontend/tests/helpers/auth.ts:79:17)
        at AuthHelper.loginWithValidUser (/Users/carlos/Documents/Github_Projects/docfiscal-frontend/tests/helpers/auth.ts:95:5)
        at /Users/carlos/Documents/Github_Projects/docfiscal-frontend/tests/flows/enhanced-workflows-integration.spec.ts:335:5

    attachment #1: screenshot (image/png) â”€â”€â”€â”€â”€â”€â”€â”€â”€â”€â”€â”€â”€â”€â”€â”€â”€â”€â”€â”€â”€â”€â”€â”€â”€â”€â”€â”€â”€â”€â”€â”€â”€â”€â”€â”€â”€â”€â”€â”€â”€â”€â”€â”€â”€â”€â”€â”€â”€â”€â”€â”€â”€â”€â”€â”€â”€â”€
    reports/test-results/flows-enhanced-workflows-i-35f21--across-different-scenarios-chromium/test-failed-1.png
    â”€â”€â”€â”€â”€â”€â”€â”€â”€â”€â”€â”€â”€â”€â”€â”€â”€â”€â”€â”€â”€â”€â”€â”€â”€â”€â”€â”€â”€â”€â”€â”€â”€â”€â”€â”€â”€â”€â”€â”€â”€â”€â”€â”€â”€â”€â”€â”€â”€â”€â”€â”€â”€â”€â”€â”€â”€â”€â”€â”€â”€â”€â”€â”€â”€â”€â”€â”€â”€â”€â”€â”€â”€â”€â”€â”€â”€â”€â”€â”€â”€â”€â”€â”€â”€â”€â”€â”€â”€â”€â”€â”€â”€â”€â”€â”€

    attachment #2: video (video/webm) â”€â”€â”€â”€â”€â”€â”€â”€â”€â”€â”€â”€â”€â”€â”€â”€â”€â”€â”€â”€â”€â”€â”€â”€â”€â”€â”€â”€â”€â”€â”€â”€â”€â”€â”€â”€â”€â”€â”€â”€â”€â”€â”€â”€â”€â”€â”€â”€â”€â”€â”€â”€â”€â”€â”€â”€â”€â”€â”€â”€â”€â”€
    reports/test-results/flows-enhanced-workflows-i-35f21--across-different-scenarios-chromium/video.webm
    â”€â”€â”€â”€â”€â”€â”€â”€â”€â”€â”€â”€â”€â”€â”€â”€â”€â”€â”€â”€â”€â”€â”€â”€â”€â”€â”€â”€â”€â”€â”€â”€â”€â”€â”€â”€â”€â”€â”€â”€â”€â”€â”€â”€â”€â”€â”€â”€â”€â”€â”€â”€â”€â”€â”€â”€â”€â”€â”€â”€â”€â”€â”€â”€â”€â”€â”€â”€â”€â”€â”€â”€â”€â”€â”€â”€â”€â”€â”€â”€â”€â”€â”€â”€â”€â”€â”€â”€â”€â”€â”€â”€â”€â”€â”€â”€

    Error Context: reports/test-results/flows-enhanced-workflows-i-35f21--across-different-scenarios-chromium/error-context.md
]]>
</failure>
<system-out>
<![CDATA[ðŸ” Testing authentication persistence across different scenarios
ðŸ“ Scenario 1: Normal login and page refresh
ðŸ” Logging in with email: test@docfiscal.com

[[ATTACHMENT|../test-results/flows-enhanced-workflows-i-35f21--across-different-scenarios-chromium/test-failed-1.png]]

[[ATTACHMENT|../test-results/flows-enhanced-workflows-i-35f21--across-different-scenarios-chromium/video.webm]]

[[ATTACHMENT|../test-results/flows-enhanced-workflows-i-35f21--across-different-scenarios-chromium/error-context.md]]
]]>
</system-out>
<system-err>
<![CDATA[âŒ Login failed: Error: Login failed: 
    at AuthHelper.login [90m(/Users/carlos/Documents/Github_Projects/docfiscal-frontend/[39mtests/helpers/auth.ts:79:17[90m)[39m
    at AuthHelper.loginWithValidUser [90m(/Users/carlos/Documents/Github_Projects/docfiscal-frontend/[39mtests/helpers/auth.ts:95:5[90m)[39m
    at [90m/Users/carlos/Documents/Github_Projects/docfiscal-frontend/[39mtests/flows/enhanced-workflows-integration.spec.ts:335:5
    at [90m/Users/carlos/Documents/Github_Projects/docfiscal-frontend/[39mnode_modules/[4mplaywright[24m/lib/worker/workerMain.js:322:9
    at [90m/Users/carlos/Documents/Github_Projects/docfiscal-frontend/[39mnode_modules/[4mplaywright[24m/lib/worker/testInfo.js:311:11
    at TimeoutManager.withRunnable [90m(/Users/carlos/Documents/Github_Projects/docfiscal-frontend/[39mnode_modules/[4mplaywright[24m/lib/worker/timeoutManager.js:67:14[90m)[39m
    at TestInfoImpl._runWithTimeout [90m(/Users/carlos/Documents/Github_Projects/docfiscal-frontend/[39mnode_modules/[4mplaywright[24m/lib/worker/testInfo.js:309:7[90m)[39m
    at [90m/Users/carlos/Documents/Github_Projects/docfiscal-frontend/[39mnode_modules/[4mplaywright[24m/lib/worker/workerMain.js:320:7
    at WorkerMain._runTest [90m(/Users/carlos/Documents/Github_Projects/docfiscal-frontend/[39mnode_modules/[4mplaywright[24m/lib/worker/workerMain.js:295:5[90m)[39m
    at WorkerMain.runTestGroup [90m(/Users/carlos/Documents/Github_Projects/docfiscal-frontend/[39mnode_modules/[4mplaywright[24m/lib/worker/workerMain.js:199:11[90m)[39m
    at process.<anonymous> [90m(/Users/carlos/Documents/Github_Projects/docfiscal-frontend/[39mnode_modules/[4mplaywright[24m/lib/common/process.js:65:22[90m)[39m
]]>
</system-err>
</testcase>
<testcase name="Enhanced Workflows Integration â€º payment flow with various success and failure conditions" classname="flows/enhanced-workflows-integration.spec.ts" time="2.831">
<failure message="enhanced-workflows-integration.spec.ts:412:7 payment flow with various success and failure conditions" type="FAILURE">
<![CDATA[  [chromium] â€º flows/enhanced-workflows-integration.spec.ts:412:7 â€º Enhanced Workflows Integration â€º payment flow with various success and failure conditions 

    Error: Login failed: 

       at helpers/auth.ts:79

      77 |         if (errorElement) {
      78 |           const errorText = await errorElement.textContent();
    > 79 |           throw new Error(`Login failed: ${errorText}`);
         |                 ^
      80 |         } else {
      81 |           throw new Error('Login failed: Unknown error');
      82 |         }
        at AuthHelper.login (/Users/carlos/Documents/Github_Projects/docfiscal-frontend/tests/helpers/auth.ts:79:17)
        at AuthHelper.loginWithValidUser (/Users/carlos/Documents/Github_Projects/docfiscal-frontend/tests/helpers/auth.ts:95:5)
        at /Users/carlos/Documents/Github_Projects/docfiscal-frontend/tests/flows/enhanced-workflows-integration.spec.ts:424:5

    attachment #1: screenshot (image/png) â”€â”€â”€â”€â”€â”€â”€â”€â”€â”€â”€â”€â”€â”€â”€â”€â”€â”€â”€â”€â”€â”€â”€â”€â”€â”€â”€â”€â”€â”€â”€â”€â”€â”€â”€â”€â”€â”€â”€â”€â”€â”€â”€â”€â”€â”€â”€â”€â”€â”€â”€â”€â”€â”€â”€â”€â”€â”€
    reports/test-results/flows-enhanced-workflows-i-b76ba-cess-and-failure-conditions-chromium/test-failed-1.png
    â”€â”€â”€â”€â”€â”€â”€â”€â”€â”€â”€â”€â”€â”€â”€â”€â”€â”€â”€â”€â”€â”€â”€â”€â”€â”€â”€â”€â”€â”€â”€â”€â”€â”€â”€â”€â”€â”€â”€â”€â”€â”€â”€â”€â”€â”€â”€â”€â”€â”€â”€â”€â”€â”€â”€â”€â”€â”€â”€â”€â”€â”€â”€â”€â”€â”€â”€â”€â”€â”€â”€â”€â”€â”€â”€â”€â”€â”€â”€â”€â”€â”€â”€â”€â”€â”€â”€â”€â”€â”€â”€â”€â”€â”€â”€â”€

    attachment #2: video (video/webm) â”€â”€â”€â”€â”€â”€â”€â”€â”€â”€â”€â”€â”€â”€â”€â”€â”€â”€â”€â”€â”€â”€â”€â”€â”€â”€â”€â”€â”€â”€â”€â”€â”€â”€â”€â”€â”€â”€â”€â”€â”€â”€â”€â”€â”€â”€â”€â”€â”€â”€â”€â”€â”€â”€â”€â”€â”€â”€â”€â”€â”€â”€
    reports/test-results/flows-enhanced-workflows-i-b76ba-cess-and-failure-conditions-chromium/video.webm
    â”€â”€â”€â”€â”€â”€â”€â”€â”€â”€â”€â”€â”€â”€â”€â”€â”€â”€â”€â”€â”€â”€â”€â”€â”€â”€â”€â”€â”€â”€â”€â”€â”€â”€â”€â”€â”€â”€â”€â”€â”€â”€â”€â”€â”€â”€â”€â”€â”€â”€â”€â”€â”€â”€â”€â”€â”€â”€â”€â”€â”€â”€â”€â”€â”€â”€â”€â”€â”€â”€â”€â”€â”€â”€â”€â”€â”€â”€â”€â”€â”€â”€â”€â”€â”€â”€â”€â”€â”€â”€â”€â”€â”€â”€â”€â”€

    Error Context: reports/test-results/flows-enhanced-workflows-i-b76ba-cess-and-failure-conditions-chromium/error-context.md
]]>
</failure>
<system-out>
<![CDATA[ðŸ’³ Testing payment flow with various conditions
ðŸ” Logging in with email: test@docfiscal.com

[[ATTACHMENT|../test-results/flows-enhanced-workflows-i-b76ba-cess-and-failure-conditions-chromium/test-failed-1.png]]

[[ATTACHMENT|../test-results/flows-enhanced-workflows-i-b76ba-cess-and-failure-conditions-chromium/video.webm]]

[[ATTACHMENT|../test-results/flows-enhanced-workflows-i-b76ba-cess-and-failure-conditions-chromium/error-context.md]]
]]>
</system-out>
<system-err>
<![CDATA[âŒ Login failed: Error: Login failed: 
    at AuthHelper.login [90m(/Users/carlos/Documents/Github_Projects/docfiscal-frontend/[39mtests/helpers/auth.ts:79:17[90m)[39m
[90m    at runNextTicks (node:internal/process/task_queues:60:5)[39m
[90m    at processImmediate (node:internal/timers:449:9)[39m
[90m    at process.callbackTrampoline (node:internal/async_hooks:130:17)[39m
    at AuthHelper.loginWithValidUser [90m(/Users/carlos/Documents/Github_Projects/docfiscal-frontend/[39mtests/helpers/auth.ts:95:5[90m)[39m
    at [90m/Users/carlos/Documents/Github_Projects/docfiscal-frontend/[39mtests/flows/enhanced-workflows-integration.spec.ts:424:5
    at [90m/Users/carlos/Documents/Github_Projects/docfiscal-frontend/[39mnode_modules/[4mplaywright[24m/lib/worker/workerMain.js:322:9
    at [90m/Users/carlos/Documents/Github_Projects/docfiscal-frontend/[39mnode_modules/[4mplaywright[24m/lib/worker/testInfo.js:311:11
    at TimeoutManager.withRunnable [90m(/Users/carlos/Documents/Github_Projects/docfiscal-frontend/[39mnode_modules/[4mplaywright[24m/lib/worker/timeoutManager.js:67:14[90m)[39m
    at TestInfoImpl._runWithTimeout [90m(/Users/carlos/Documents/Github_Projects/docfiscal-frontend/[39mnode_modules/[4mplaywright[24m/lib/worker/testInfo.js:309:7[90m)[39m
    at [90m/Users/carlos/Documents/Github_Projects/docfiscal-frontend/[39mnode_modules/[4mplaywright[24m/lib/worker/workerMain.js:320:7
    at WorkerMain._runTest [90m(/Users/carlos/Documents/Github_Projects/docfiscal-frontend/[39mnode_modules/[4mplaywright[24m/lib/worker/workerMain.js:295:5[90m)[39m
    at WorkerMain.runTestGroup [90m(/Users/carlos/Documents/Github_Projects/docfiscal-frontend/[39mnode_modules/[4mplaywright[24m/lib/worker/workerMain.js:199:11[90m)[39m
    at process.<anonymous> [90m(/Users/carlos/Documents/Github_Projects/docfiscal-frontend/[39mnode_modules/[4mplaywright[24m/lib/common/process.js:65:22[90m)[39m
]]>
</system-err>
</testcase>
<testcase name="Enhanced Workflows Integration â€º error recovery and user guidance across workflows" classname="flows/enhanced-workflows-integration.spec.ts" time="2.918">
<failure message="enhanced-workflows-integration.spec.ts:597:7 error recovery and user guidance across workflows" type="FAILURE">
<![CDATA[  [chromium] â€º flows/enhanced-workflows-integration.spec.ts:597:7 â€º Enhanced Workflows Integration â€º error recovery and user guidance across workflows 

    Error: Login failed: 

       at helpers/auth.ts:79

      77 |         if (errorElement) {
      78 |           const errorText = await errorElement.textContent();
    > 79 |           throw new Error(`Login failed: ${errorText}`);
         |                 ^
      80 |         } else {
      81 |           throw new Error('Login failed: Unknown error');
      82 |         }
        at AuthHelper.login (/Users/carlos/Documents/Github_Projects/docfiscal-frontend/tests/helpers/auth.ts:79:17)
        at AuthHelper.loginWithValidUser (/Users/carlos/Documents/Github_Projects/docfiscal-frontend/tests/helpers/auth.ts:95:5)
        at /Users/carlos/Documents/Github_Projects/docfiscal-frontend/tests/flows/enhanced-workflows-integration.spec.ts:608:5

    attachment #1: screenshot (image/png) â”€â”€â”€â”€â”€â”€â”€â”€â”€â”€â”€â”€â”€â”€â”€â”€â”€â”€â”€â”€â”€â”€â”€â”€â”€â”€â”€â”€â”€â”€â”€â”€â”€â”€â”€â”€â”€â”€â”€â”€â”€â”€â”€â”€â”€â”€â”€â”€â”€â”€â”€â”€â”€â”€â”€â”€â”€â”€
    reports/test-results/flows-enhanced-workflows-i-d1e3f-r-guidance-across-workflows-chromium/test-failed-1.png
    â”€â”€â”€â”€â”€â”€â”€â”€â”€â”€â”€â”€â”€â”€â”€â”€â”€â”€â”€â”€â”€â”€â”€â”€â”€â”€â”€â”€â”€â”€â”€â”€â”€â”€â”€â”€â”€â”€â”€â”€â”€â”€â”€â”€â”€â”€â”€â”€â”€â”€â”€â”€â”€â”€â”€â”€â”€â”€â”€â”€â”€â”€â”€â”€â”€â”€â”€â”€â”€â”€â”€â”€â”€â”€â”€â”€â”€â”€â”€â”€â”€â”€â”€â”€â”€â”€â”€â”€â”€â”€â”€â”€â”€â”€â”€â”€

    attachment #2: video (video/webm) â”€â”€â”€â”€â”€â”€â”€â”€â”€â”€â”€â”€â”€â”€â”€â”€â”€â”€â”€â”€â”€â”€â”€â”€â”€â”€â”€â”€â”€â”€â”€â”€â”€â”€â”€â”€â”€â”€â”€â”€â”€â”€â”€â”€â”€â”€â”€â”€â”€â”€â”€â”€â”€â”€â”€â”€â”€â”€â”€â”€â”€â”€
    reports/test-results/flows-enhanced-workflows-i-d1e3f-r-guidance-across-workflows-chromium/video.webm
    â”€â”€â”€â”€â”€â”€â”€â”€â”€â”€â”€â”€â”€â”€â”€â”€â”€â”€â”€â”€â”€â”€â”€â”€â”€â”€â”€â”€â”€â”€â”€â”€â”€â”€â”€â”€â”€â”€â”€â”€â”€â”€â”€â”€â”€â”€â”€â”€â”€â”€â”€â”€â”€â”€â”€â”€â”€â”€â”€â”€â”€â”€â”€â”€â”€â”€â”€â”€â”€â”€â”€â”€â”€â”€â”€â”€â”€â”€â”€â”€â”€â”€â”€â”€â”€â”€â”€â”€â”€â”€â”€â”€â”€â”€â”€â”€

    Error Context: reports/test-results/flows-enhanced-workflows-i-d1e3f-r-guidance-across-workflows-chromium/error-context.md
]]>
</failure>
<system-out>
<![CDATA[ðŸ› ï¸ Testing error recovery and user guidance
ðŸ” Logging in with email: test@docfiscal.com

[[ATTACHMENT|../test-results/flows-enhanced-workflows-i-d1e3f-r-guidance-across-workflows-chromium/test-failed-1.png]]

[[ATTACHMENT|../test-results/flows-enhanced-workflows-i-d1e3f-r-guidance-across-workflows-chromium/video.webm]]

[[ATTACHMENT|../test-results/flows-enhanced-workflows-i-d1e3f-r-guidance-across-workflows-chromium/error-context.md]]
]]>
</system-out>
<system-err>
<![CDATA[âŒ Login failed: Error: Login failed: 
    at AuthHelper.login [90m(/Users/carlos/Documents/Github_Projects/docfiscal-frontend/[39mtests/helpers/auth.ts:79:17[90m)[39m
[90m    at runNextTicks (node:internal/process/task_queues:60:5)[39m
[90m    at processImmediate (node:internal/timers:449:9)[39m
[90m    at process.callbackTrampoline (node:internal/async_hooks:130:17)[39m
    at AuthHelper.loginWithValidUser [90m(/Users/carlos/Documents/Github_Projects/docfiscal-frontend/[39mtests/helpers/auth.ts:95:5[90m)[39m
    at [90m/Users/carlos/Documents/Github_Projects/docfiscal-frontend/[39mtests/flows/enhanced-workflows-integration.spec.ts:608:5
    at [90m/Users/carlos/Documents/Github_Projects/docfiscal-frontend/[39mnode_modules/[4mplaywright[24m/lib/worker/workerMain.js:322:9
    at [90m/Users/carlos/Documents/Github_Projects/docfiscal-frontend/[39mnode_modules/[4mplaywright[24m/lib/worker/testInfo.js:311:11
    at TimeoutManager.withRunnable [90m(/Users/carlos/Documents/Github_Projects/docfiscal-frontend/[39mnode_modules/[4mplaywright[24m/lib/worker/timeoutManager.js:67:14[90m)[39m
    at TestInfoImpl._runWithTimeout [90m(/Users/carlos/Documents/Github_Projects/docfiscal-frontend/[39mnode_modules/[4mplaywright[24m/lib/worker/testInfo.js:309:7[90m)[39m
    at [90m/Users/carlos/Documents/Github_Projects/docfiscal-frontend/[39mnode_modules/[4mplaywright[24m/lib/worker/workerMain.js:320:7
    at WorkerMain._runTest [90m(/Users/carlos/Documents/Github_Projects/docfiscal-frontend/[39mnode_modules/[4mplaywright[24m/lib/worker/workerMain.js:295:5[90m)[39m
    at WorkerMain.runTestGroup [90m(/Users/carlos/Documents/Github_Projects/docfiscal-frontend/[39mnode_modules/[4mplaywright[24m/lib/worker/workerMain.js:199:11[90m)[39m
    at process.<anonymous> [90m(/Users/carlos/Documents/Github_Projects/docfiscal-frontend/[39mnode_modules/[4mplaywright[24m/lib/common/process.js:65:22[90m)[39m
]]>
</system-err>
</testcase>
</testsuite>
<testsuite name="flows/enhanced-workflows-integration.spec.ts" timestamp="2025-12-26T20:07:06.702Z" hostname="firefox" tests="4" failures="4" skipped="0" time="27.231" errors="0">
<testcase name="Enhanced Workflows Integration â€º complete upload-to-download workflow with all improvements" classname="flows/enhanced-workflows-integration.spec.ts" time="15.546">
<failure message="enhanced-workflows-integration.spec.ts:16:7 complete upload-to-download workflow with all improvements" type="FAILURE">
<![CDATA[  [firefox] â€º flows/enhanced-workflows-integration.spec.ts:16:7 â€º Enhanced Workflows Integration â€º complete upload-to-download workflow with all improvements 

    Error: Button with text "Criar Conta" not found or not clickable

       at helpers/ui-interactions.ts:80

      78 |     
      79 |     if (!clicked) {
    > 80 |       throw new Error(`Button with text "${buttonText}" not found or not clickable`);
         |             ^
      81 |     }
      82 |     
      83 |     console.log(`âœ… Successfully clicked button: "${buttonText}"`);
        at UIInteractionHelper.clickButton (/Users/carlos/Documents/Github_Projects/docfiscal-frontend/tests/helpers/ui-interactions.ts:80:13)
        at /Users/carlos/Documents/Github_Projects/docfiscal-frontend/tests/flows/enhanced-workflows-integration.spec.ts:40:5

    attachment #1: screenshot (image/png) â”€â”€â”€â”€â”€â”€â”€â”€â”€â”€â”€â”€â”€â”€â”€â”€â”€â”€â”€â”€â”€â”€â”€â”€â”€â”€â”€â”€â”€â”€â”€â”€â”€â”€â”€â”€â”€â”€â”€â”€â”€â”€â”€â”€â”€â”€â”€â”€â”€â”€â”€â”€â”€â”€â”€â”€â”€â”€
    reports/test-results/flows-enhanced-workflows-i-a0fde-kflow-with-all-improvements-firefox/test-failed-1.png
    â”€â”€â”€â”€â”€â”€â”€â”€â”€â”€â”€â”€â”€â”€â”€â”€â”€â”€â”€â”€â”€â”€â”€â”€â”€â”€â”€â”€â”€â”€â”€â”€â”€â”€â”€â”€â”€â”€â”€â”€â”€â”€â”€â”€â”€â”€â”€â”€â”€â”€â”€â”€â”€â”€â”€â”€â”€â”€â”€â”€â”€â”€â”€â”€â”€â”€â”€â”€â”€â”€â”€â”€â”€â”€â”€â”€â”€â”€â”€â”€â”€â”€â”€â”€â”€â”€â”€â”€â”€â”€â”€â”€â”€â”€â”€â”€

    attachment #2: video (video/webm) â”€â”€â”€â”€â”€â”€â”€â”€â”€â”€â”€â”€â”€â”€â”€â”€â”€â”€â”€â”€â”€â”€â”€â”€â”€â”€â”€â”€â”€â”€â”€â”€â”€â”€â”€â”€â”€â”€â”€â”€â”€â”€â”€â”€â”€â”€â”€â”€â”€â”€â”€â”€â”€â”€â”€â”€â”€â”€â”€â”€â”€â”€
    reports/test-results/flows-enhanced-workflows-i-a0fde-kflow-with-all-improvements-firefox/video.webm
    â”€â”€â”€â”€â”€â”€â”€â”€â”€â”€â”€â”€â”€â”€â”€â”€â”€â”€â”€â”€â”€â”€â”€â”€â”€â”€â”€â”€â”€â”€â”€â”€â”€â”€â”€â”€â”€â”€â”€â”€â”€â”€â”€â”€â”€â”€â”€â”€â”€â”€â”€â”€â”€â”€â”€â”€â”€â”€â”€â”€â”€â”€â”€â”€â”€â”€â”€â”€â”€â”€â”€â”€â”€â”€â”€â”€â”€â”€â”€â”€â”€â”€â”€â”€â”€â”€â”€â”€â”€â”€â”€â”€â”€â”€â”€â”€

    Error Context: reports/test-results/flows-enhanced-workflows-i-a0fde-kflow-with-all-improvements-firefox/error-context.md
]]>
</failure>
<system-out>
<![CDATA[ðŸš€ Testing enhanced upload-to-download workflow
ðŸ“ Step 1: Enhanced form validation during registration
ðŸ“ Filling form with data: [ [32m'name'[39m, [32m'email'[39m, [32m'password'[39m, [32m'confirmPassword'[39m ]
âœ… Form filled successfully
ðŸ–±ï¸ Clicking button: "Criar Conta"

[[ATTACHMENT|../test-results/flows-enhanced-workflows-i-a0fde-kflow-with-all-improvements-firefox/test-failed-1.png]]

[[ATTACHMENT|../test-results/flows-enhanced-workflows-i-a0fde-kflow-with-all-improvements-firefox/video.webm]]

[[ATTACHMENT|../test-results/flows-enhanced-workflows-i-a0fde-kflow-with-all-improvements-firefox/error-context.md]]
]]>
</system-out>
</testcase>
<testcase name="Enhanced Workflows Integration â€º authentication persistence across different scenarios" classname="flows/enhanced-workflows-integration.spec.ts" time="4.702">
<failure message="enhanced-workflows-integration.spec.ts:322:7 authentication persistence across different scenarios" type="FAILURE">
<![CDATA[  [firefox] â€º flows/enhanced-workflows-integration.spec.ts:322:7 â€º Enhanced Workflows Integration â€º authentication persistence across different scenarios 

    Error: Login failed: 

       at helpers/auth.ts:79

      77 |         if (errorElement) {
      78 |           const errorText = await errorElement.textContent();
    > 79 |           throw new Error(`Login failed: ${errorText}`);
         |                 ^
      80 |         } else {
      81 |           throw new Error('Login failed: Unknown error');
      82 |         }
        at AuthHelper.login (/Users/carlos/Documents/Github_Projects/docfiscal-frontend/tests/helpers/auth.ts:79:17)
        at AuthHelper.loginWithValidUser (/Users/carlos/Documents/Github_Projects/docfiscal-frontend/tests/helpers/auth.ts:95:5)
        at /Users/carlos/Documents/Github_Projects/docfiscal-frontend/tests/flows/enhanced-workflows-integration.spec.ts:335:5

    attachment #1: screenshot (image/png) â”€â”€â”€â”€â”€â”€â”€â”€â”€â”€â”€â”€â”€â”€â”€â”€â”€â”€â”€â”€â”€â”€â”€â”€â”€â”€â”€â”€â”€â”€â”€â”€â”€â”€â”€â”€â”€â”€â”€â”€â”€â”€â”€â”€â”€â”€â”€â”€â”€â”€â”€â”€â”€â”€â”€â”€â”€â”€
    reports/test-results/flows-enhanced-workflows-i-35f21--across-different-scenarios-firefox/test-failed-1.png
    â”€â”€â”€â”€â”€â”€â”€â”€â”€â”€â”€â”€â”€â”€â”€â”€â”€â”€â”€â”€â”€â”€â”€â”€â”€â”€â”€â”€â”€â”€â”€â”€â”€â”€â”€â”€â”€â”€â”€â”€â”€â”€â”€â”€â”€â”€â”€â”€â”€â”€â”€â”€â”€â”€â”€â”€â”€â”€â”€â”€â”€â”€â”€â”€â”€â”€â”€â”€â”€â”€â”€â”€â”€â”€â”€â”€â”€â”€â”€â”€â”€â”€â”€â”€â”€â”€â”€â”€â”€â”€â”€â”€â”€â”€â”€â”€

    attachment #2: video (video/webm) â”€â”€â”€â”€â”€â”€â”€â”€â”€â”€â”€â”€â”€â”€â”€â”€â”€â”€â”€â”€â”€â”€â”€â”€â”€â”€â”€â”€â”€â”€â”€â”€â”€â”€â”€â”€â”€â”€â”€â”€â”€â”€â”€â”€â”€â”€â”€â”€â”€â”€â”€â”€â”€â”€â”€â”€â”€â”€â”€â”€â”€â”€
    reports/test-results/flows-enhanced-workflows-i-35f21--across-different-scenarios-firefox/video.webm
    â”€â”€â”€â”€â”€â”€â”€â”€â”€â”€â”€â”€â”€â”€â”€â”€â”€â”€â”€â”€â”€â”€â”€â”€â”€â”€â”€â”€â”€â”€â”€â”€â”€â”€â”€â”€â”€â”€â”€â”€â”€â”€â”€â”€â”€â”€â”€â”€â”€â”€â”€â”€â”€â”€â”€â”€â”€â”€â”€â”€â”€â”€â”€â”€â”€â”€â”€â”€â”€â”€â”€â”€â”€â”€â”€â”€â”€â”€â”€â”€â”€â”€â”€â”€â”€â”€â”€â”€â”€â”€â”€â”€â”€â”€â”€â”€

    Error Context: reports/test-results/flows-enhanced-workflows-i-35f21--across-different-scenarios-firefox/error-context.md
]]>
</failure>
<system-out>
<![CDATA[ðŸ” Testing authentication persistence across different scenarios
ðŸ“ Scenario 1: Normal login and page refresh
ðŸ” Logging in with email: test@docfiscal.com

[[ATTACHMENT|../test-results/flows-enhanced-workflows-i-35f21--across-different-scenarios-firefox/test-failed-1.png]]

[[ATTACHMENT|../test-results/flows-enhanced-workflows-i-35f21--across-different-scenarios-firefox/video.webm]]

[[ATTACHMENT|../test-results/flows-enhanced-workflows-i-35f21--across-different-scenarios-firefox/error-context.md]]
]]>
</system-out>
<system-err>
<![CDATA[âŒ Login failed: Error: Login failed: 
    at AuthHelper.login [90m(/Users/carlos/Documents/Github_Projects/docfiscal-frontend/[39mtests/helpers/auth.ts:79:17[90m)[39m
[90m    at runNextTicks (node:internal/process/task_queues:60:5)[39m
[90m    at processImmediate (node:internal/timers:449:9)[39m
[90m    at process.callbackTrampoline (node:internal/async_hooks:130:17)[39m
    at AuthHelper.loginWithValidUser [90m(/Users/carlos/Documents/Github_Projects/docfiscal-frontend/[39mtests/helpers/auth.ts:95:5[90m)[39m
    at [90m/Users/carlos/Documents/Github_Projects/docfiscal-frontend/[39mtests/flows/enhanced-workflows-integration.spec.ts:335:5
    at [90m/Users/carlos/Documents/Github_Projects/docfiscal-frontend/[39mnode_modules/[4mplaywright[24m/lib/worker/workerMain.js:322:9
    at [90m/Users/carlos/Documents/Github_Projects/docfiscal-frontend/[39mnode_modules/[4mplaywright[24m/lib/worker/testInfo.js:311:11
    at TimeoutManager.withRunnable [90m(/Users/carlos/Documents/Github_Projects/docfiscal-frontend/[39mnode_modules/[4mplaywright[24m/lib/worker/timeoutManager.js:67:14[90m)[39m
    at TestInfoImpl._runWithTimeout [90m(/Users/carlos/Documents/Github_Projects/docfiscal-frontend/[39mnode_modules/[4mplaywright[24m/lib/worker/testInfo.js:309:7[90m)[39m
    at [90m/Users/carlos/Documents/Github_Projects/docfiscal-frontend/[39mnode_modules/[4mplaywright[24m/lib/worker/workerMain.js:320:7
    at WorkerMain._runTest [90m(/Users/carlos/Documents/Github_Projects/docfiscal-frontend/[39mnode_modules/[4mplaywright[24m/lib/worker/workerMain.js:295:5[90m)[39m
    at WorkerMain.runTestGroup [90m(/Users/carlos/Documents/Github_Projects/docfiscal-frontend/[39mnode_modules/[4mplaywright[24m/lib/worker/workerMain.js:199:11[90m)[39m
    at process.<anonymous> [90m(/Users/carlos/Documents/Github_Projects/docfiscal-frontend/[39mnode_modules/[4mplaywright[24m/lib/common/process.js:65:22[90m)[39m
]]>
</system-err>
</testcase>
<testcase name="Enhanced Workflows Integration â€º payment flow with various success and failure conditions" classname="flows/enhanced-workflows-integration.spec.ts" time="4.511">
<failure message="enhanced-workflows-integration.spec.ts:412:7 payment flow with various success and failure conditions" type="FAILURE">
<![CDATA[  [firefox] â€º flows/enhanced-workflows-integration.spec.ts:412:7 â€º Enhanced Workflows Integration â€º payment flow with various success and failure conditions 

    Error: Login failed: 

       at helpers/auth.ts:79

      77 |         if (errorElement) {
      78 |           const errorText = await errorElement.textContent();
    > 79 |           throw new Error(`Login failed: ${errorText}`);
         |                 ^
      80 |         } else {
      81 |           throw new Error('Login failed: Unknown error');
      82 |         }
        at AuthHelper.login (/Users/carlos/Documents/Github_Projects/docfiscal-frontend/tests/helpers/auth.ts:79:17)
        at AuthHelper.loginWithValidUser (/Users/carlos/Documents/Github_Projects/docfiscal-frontend/tests/helpers/auth.ts:95:5)
        at /Users/carlos/Documents/Github_Projects/docfiscal-frontend/tests/flows/enhanced-workflows-integration.spec.ts:424:5

    attachment #1: screenshot (image/png) â”€â”€â”€â”€â”€â”€â”€â”€â”€â”€â”€â”€â”€â”€â”€â”€â”€â”€â”€â”€â”€â”€â”€â”€â”€â”€â”€â”€â”€â”€â”€â”€â”€â”€â”€â”€â”€â”€â”€â”€â”€â”€â”€â”€â”€â”€â”€â”€â”€â”€â”€â”€â”€â”€â”€â”€â”€â”€
    reports/test-results/flows-enhanced-workflows-i-b76ba-cess-and-failure-conditions-firefox/test-failed-1.png
    â”€â”€â”€â”€â”€â”€â”€â”€â”€â”€â”€â”€â”€â”€â”€â”€â”€â”€â”€â”€â”€â”€â”€â”€â”€â”€â”€â”€â”€â”€â”€â”€â”€â”€â”€â”€â”€â”€â”€â”€â”€â”€â”€â”€â”€â”€â”€â”€â”€â”€â”€â”€â”€â”€â”€â”€â”€â”€â”€â”€â”€â”€â”€â”€â”€â”€â”€â”€â”€â”€â”€â”€â”€â”€â”€â”€â”€â”€â”€â”€â”€â”€â”€â”€â”€â”€â”€â”€â”€â”€â”€â”€â”€â”€â”€â”€

    attachment #2: video (video/webm) â”€â”€â”€â”€â”€â”€â”€â”€â”€â”€â”€â”€â”€â”€â”€â”€â”€â”€â”€â”€â”€â”€â”€â”€â”€â”€â”€â”€â”€â”€â”€â”€â”€â”€â”€â”€â”€â”€â”€â”€â”€â”€â”€â”€â”€â”€â”€â”€â”€â”€â”€â”€â”€â”€â”€â”€â”€â”€â”€â”€â”€â”€
    reports/test-results/flows-enhanced-workflows-i-b76ba-cess-and-failure-conditions-firefox/video.webm
    â”€â”€â”€â”€â”€â”€â”€â”€â”€â”€â”€â”€â”€â”€â”€â”€â”€â”€â”€â”€â”€â”€â”€â”€â”€â”€â”€â”€â”€â”€â”€â”€â”€â”€â”€â”€â”€â”€â”€â”€â”€â”€â”€â”€â”€â”€â”€â”€â”€â”€â”€â”€â”€â”€â”€â”€â”€â”€â”€â”€â”€â”€â”€â”€â”€â”€â”€â”€â”€â”€â”€â”€â”€â”€â”€â”€â”€â”€â”€â”€â”€â”€â”€â”€â”€â”€â”€â”€â”€â”€â”€â”€â”€â”€â”€â”€

    Error Context: reports/test-results/flows-enhanced-workflows-i-b76ba-cess-and-failure-conditions-firefox/error-context.md
]]>
</failure>
<system-out>
<![CDATA[ðŸ’³ Testing payment flow with various conditions
ðŸ” Logging in with email: test@docfiscal.com

[[ATTACHMENT|../test-results/flows-enhanced-workflows-i-b76ba-cess-and-failure-conditions-firefox/test-failed-1.png]]

[[ATTACHMENT|../test-results/flows-enhanced-workflows-i-b76ba-cess-and-failure-conditions-firefox/video.webm]]

[[ATTACHMENT|../test-results/flows-enhanced-workflows-i-b76ba-cess-and-failure-conditions-firefox/error-context.md]]
]]>
</system-out>
<system-err>
<![CDATA[âŒ Login failed: Error: Login failed: 
    at AuthHelper.login [90m(/Users/carlos/Documents/Github_Projects/docfiscal-frontend/[39mtests/helpers/auth.ts:79:17[90m)[39m
    at AuthHelper.loginWithValidUser [90m(/Users/carlos/Documents/Github_Projects/docfiscal-frontend/[39mtests/helpers/auth.ts:95:5[90m)[39m
    at [90m/Users/carlos/Documents/Github_Projects/docfiscal-frontend/[39mtests/flows/enhanced-workflows-integration.spec.ts:424:5
    at [90m/Users/carlos/Documents/Github_Projects/docfiscal-frontend/[39mnode_modules/[4mplaywright[24m/lib/worker/workerMain.js:322:9
    at [90m/Users/carlos/Documents/Github_Projects/docfiscal-frontend/[39mnode_modules/[4mplaywright[24m/lib/worker/testInfo.js:311:11
    at TimeoutManager.withRunnable [90m(/Users/carlos/Documents/Github_Projects/docfiscal-frontend/[39mnode_modules/[4mplaywright[24m/lib/worker/timeoutManager.js:67:14[90m)[39m
    at TestInfoImpl._runWithTimeout [90m(/Users/carlos/Documents/Github_Projects/docfiscal-frontend/[39mnode_modules/[4mplaywright[24m/lib/worker/testInfo.js:309:7[90m)[39m
    at [90m/Users/carlos/Documents/Github_Projects/docfiscal-frontend/[39mnode_modules/[4mplaywright[24m/lib/worker/workerMain.js:320:7
    at WorkerMain._runTest [90m(/Users/carlos/Documents/Github_Projects/docfiscal-frontend/[39mnode_modules/[4mplaywright[24m/lib/worker/workerMain.js:295:5[90m)[39m
    at WorkerMain.runTestGroup [90m(/Users/carlos/Documents/Github_Projects/docfiscal-frontend/[39mnode_modules/[4mplaywright[24m/lib/worker/workerMain.js:199:11[90m)[39m
    at process.<anonymous> [90m(/Users/carlos/Documents/Github_Projects/docfiscal-frontend/[39mnode_modules/[4mplaywright[24m/lib/common/process.js:65:22[90m)[39m
]]>
</system-err>
</testcase>
<testcase name="Enhanced Workflows Integration â€º error recovery and user guidance across workflows" classname="flows/enhanced-workflows-integration.spec.ts" time="2.472">
<failure message="enhanced-workflows-integration.spec.ts:597:7 error recovery and user guidance across workflows" type="FAILURE">
<![CDATA[  [firefox] â€º flows/enhanced-workflows-integration.spec.ts:597:7 â€º Enhanced Workflows Integration â€º error recovery and user guidance across workflows 

    Error: Login failed: 

       at helpers/auth.ts:79

      77 |         if (errorElement) {
      78 |           const errorText = await errorElement.textContent();
    > 79 |           throw new Error(`Login failed: ${errorText}`);
         |                 ^
      80 |         } else {
      81 |           throw new Error('Login failed: Unknown error');
      82 |         }
        at AuthHelper.login (/Users/carlos/Documents/Github_Projects/docfiscal-frontend/tests/helpers/auth.ts:79:17)
        at AuthHelper.loginWithValidUser (/Users/carlos/Documents/Github_Projects/docfiscal-frontend/tests/helpers/auth.ts:95:5)
        at /Users/carlos/Documents/Github_Projects/docfiscal-frontend/tests/flows/enhanced-workflows-integration.spec.ts:608:5

    attachment #1: screenshot (image/png) â”€â”€â”€â”€â”€â”€â”€â”€â”€â”€â”€â”€â”€â”€â”€â”€â”€â”€â”€â”€â”€â”€â”€â”€â”€â”€â”€â”€â”€â”€â”€â”€â”€â”€â”€â”€â”€â”€â”€â”€â”€â”€â”€â”€â”€â”€â”€â”€â”€â”€â”€â”€â”€â”€â”€â”€â”€â”€
    reports/test-results/flows-enhanced-workflows-i-d1e3f-r-guidance-across-workflows-firefox/test-failed-1.png
    â”€â”€â”€â”€â”€â”€â”€â”€â”€â”€â”€â”€â”€â”€â”€â”€â”€â”€â”€â”€â”€â”€â”€â”€â”€â”€â”€â”€â”€â”€â”€â”€â”€â”€â”€â”€â”€â”€â”€â”€â”€â”€â”€â”€â”€â”€â”€â”€â”€â”€â”€â”€â”€â”€â”€â”€â”€â”€â”€â”€â”€â”€â”€â”€â”€â”€â”€â”€â”€â”€â”€â”€â”€â”€â”€â”€â”€â”€â”€â”€â”€â”€â”€â”€â”€â”€â”€â”€â”€â”€â”€â”€â”€â”€â”€â”€

    attachment #2: video (video/webm) â”€â”€â”€â”€â”€â”€â”€â”€â”€â”€â”€â”€â”€â”€â”€â”€â”€â”€â”€â”€â”€â”€â”€â”€â”€â”€â”€â”€â”€â”€â”€â”€â”€â”€â”€â”€â”€â”€â”€â”€â”€â”€â”€â”€â”€â”€â”€â”€â”€â”€â”€â”€â”€â”€â”€â”€â”€â”€â”€â”€â”€â”€
    reports/test-results/flows-enhanced-workflows-i-d1e3f-r-guidance-across-workflows-firefox/video.webm
    â”€â”€â”€â”€â”€â”€â”€â”€â”€â”€â”€â”€â”€â”€â”€â”€â”€â”€â”€â”€â”€â”€â”€â”€â”€â”€â”€â”€â”€â”€â”€â”€â”€â”€â”€â”€â”€â”€â”€â”€â”€â”€â”€â”€â”€â”€â”€â”€â”€â”€â”€â”€â”€â”€â”€â”€â”€â”€â”€â”€â”€â”€â”€â”€â”€â”€â”€â”€â”€â”€â”€â”€â”€â”€â”€â”€â”€â”€â”€â”€â”€â”€â”€â”€â”€â”€â”€â”€â”€â”€â”€â”€â”€â”€â”€â”€

    Error Context: reports/test-results/flows-enhanced-workflows-i-d1e3f-r-guidance-across-workflows-firefox/error-context.md
]]>
</failure>
<system-out>
<![CDATA[ðŸ› ï¸ Testing error recovery and user guidance
ðŸ” Logging in with email: test@docfiscal.com

[[ATTACHMENT|../test-results/flows-enhanced-workflows-i-d1e3f-r-guidance-across-workflows-firefox/test-failed-1.png]]

[[ATTACHMENT|../test-results/flows-enhanced-workflows-i-d1e3f-r-guidance-across-workflows-firefox/video.webm]]

[[ATTACHMENT|../test-results/flows-enhanced-workflows-i-d1e3f-r-guidance-across-workflows-firefox/error-context.md]]
]]>
</system-out>
<system-err>
<![CDATA[âŒ Login failed: Error: Login failed: 
    at AuthHelper.login [90m(/Users/carlos/Documents/Github_Projects/docfiscal-frontend/[39mtests/helpers/auth.ts:79:17[90m)[39m
[90m    at runNextTicks (node:internal/process/task_queues:60:5)[39m
[90m    at processImmediate (node:internal/timers:449:9)[39m
[90m    at process.callbackTrampoline (node:internal/async_hooks:130:17)[39m
    at AuthHelper.loginWithValidUser [90m(/Users/carlos/Documents/Github_Projects/docfiscal-frontend/[39mtests/helpers/auth.ts:95:5[90m)[39m
    at [90m/Users/carlos/Documents/Github_Projects/docfiscal-frontend/[39mtests/flows/enhanced-workflows-integration.spec.ts:608:5
    at [90m/Users/carlos/Documents/Github_Projects/docfiscal-frontend/[39mnode_modules/[4mplaywright[24m/lib/worker/workerMain.js:322:9
    at [90m/Users/carlos/Documents/Github_Projects/docfiscal-frontend/[39mnode_modules/[4mplaywright[24m/lib/worker/testInfo.js:311:11
    at TimeoutManager.withRunnable [90m(/Users/carlos/Documents/Github_Projects/docfiscal-frontend/[39mnode_modules/[4mplaywright[24m/lib/worker/timeoutManager.js:67:14[90m)[39m
    at TestInfoImpl._runWithTimeout [90m(/Users/carlos/Documents/Github_Projects/docfiscal-frontend/[39mnode_modules/[4mplaywright[24m/lib/worker/testInfo.js:309:7[90m)[39m
    at [90m/Users/carlos/Documents/Github_Projects/docfiscal-frontend/[39mnode_modules/[4mplaywright[24m/lib/worker/workerMain.js:320:7
    at WorkerMain._runTest [90m(/Users/carlos/Documents/Github_Projects/docfiscal-frontend/[39mnode_modules/[4mplaywright[24m/lib/worker/workerMain.js:295:5[90m)[39m
    at WorkerMain.runTestGroup [90m(/Users/carlos/Documents/Github_Projects/docfiscal-frontend/[39mnode_modules/[4mplaywright[24m/lib/worker/workerMain.js:199:11[90m)[39m
    at process.<anonymous> [90m(/Users/carlos/Documents/Github_Projects/docfiscal-frontend/[39mnode_modules/[4mplaywright[24m/lib/common/process.js:65:22[90m)[39m
]]>
</system-err>
</testcase>
</testsuite>
<testsuite name="flows/enhanced-workflows-integration.spec.ts" timestamp="2025-12-26T20:07:06.702Z" hostname="webkit" tests="4" failures="4" skipped="0" time="23.555" errors="0">
<testcase name="Enhanced Workflows Integration â€º complete upload-to-download workflow with all improvements" classname="flows/enhanced-workflows-integration.spec.ts" time="14.251">
<failure message="enhanced-workflows-integration.spec.ts:16:7 complete upload-to-download workflow with all improvements" type="FAILURE">
<![CDATA[  [webkit] â€º flows/enhanced-workflows-integration.spec.ts:16:7 â€º Enhanced Workflows Integration â€º complete upload-to-download workflow with all improvements 

    Error: Button with text "Criar Conta" not found or not clickable

       at helpers/ui-interactions.ts:80

      78 |     
      79 |     if (!clicked) {
    > 80 |       throw new Error(`Button with text "${buttonText}" not found or not clickable`);
         |             ^
      81 |     }
      82 |     
      83 |     console.log(`âœ… Successfully clicked button: "${buttonText}"`);
        at UIInteractionHelper.clickButton (/Users/carlos/Documents/Github_Projects/docfiscal-frontend/tests/helpers/ui-interactions.ts:80:13)
        at /Users/carlos/Documents/Github_Projects/docfiscal-frontend/tests/flows/enhanced-workflows-integration.spec.ts:40:5

    attachment #1: screenshot (image/png) â”€â”€â”€â”€â”€â”€â”€â”€â”€â”€â”€â”€â”€â”€â”€â”€â”€â”€â”€â”€â”€â”€â”€â”€â”€â”€â”€â”€â”€â”€â”€â”€â”€â”€â”€â”€â”€â”€â”€â”€â”€â”€â”€â”€â”€â”€â”€â”€â”€â”€â”€â”€â”€â”€â”€â”€â”€â”€
    reports/test-results/flows-enhanced-workflows-i-a0fde-kflow-with-all-improvements-webkit/test-failed-1.png
    â”€â”€â”€â”€â”€â”€â”€â”€â”€â”€â”€â”€â”€â”€â”€â”€â”€â”€â”€â”€â”€â”€â”€â”€â”€â”€â”€â”€â”€â”€â”€â”€â”€â”€â”€â”€â”€â”€â”€â”€â”€â”€â”€â”€â”€â”€â”€â”€â”€â”€â”€â”€â”€â”€â”€â”€â”€â”€â”€â”€â”€â”€â”€â”€â”€â”€â”€â”€â”€â”€â”€â”€â”€â”€â”€â”€â”€â”€â”€â”€â”€â”€â”€â”€â”€â”€â”€â”€â”€â”€â”€â”€â”€â”€â”€â”€

    attachment #2: video (video/webm) â”€â”€â”€â”€â”€â”€â”€â”€â”€â”€â”€â”€â”€â”€â”€â”€â”€â”€â”€â”€â”€â”€â”€â”€â”€â”€â”€â”€â”€â”€â”€â”€â”€â”€â”€â”€â”€â”€â”€â”€â”€â”€â”€â”€â”€â”€â”€â”€â”€â”€â”€â”€â”€â”€â”€â”€â”€â”€â”€â”€â”€â”€
    reports/test-results/flows-enhanced-workflows-i-a0fde-kflow-with-all-improvements-webkit/video.webm
    â”€â”€â”€â”€â”€â”€â”€â”€â”€â”€â”€â”€â”€â”€â”€â”€â”€â”€â”€â”€â”€â”€â”€â”€â”€â”€â”€â”€â”€â”€â”€â”€â”€â”€â”€â”€â”€â”€â”€â”€â”€â”€â”€â”€â”€â”€â”€â”€â”€â”€â”€â”€â”€â”€â”€â”€â”€â”€â”€â”€â”€â”€â”€â”€â”€â”€â”€â”€â”€â”€â”€â”€â”€â”€â”€â”€â”€â”€â”€â”€â”€â”€â”€â”€â”€â”€â”€â”€â”€â”€â”€â”€â”€â”€â”€â”€

    Error Context: reports/test-results/flows-enhanced-workflows-i-a0fde-kflow-with-all-improvements-webkit/error-context.md
]]>
</failure>
<system-out>
<![CDATA[ðŸš€ Testing enhanced upload-to-download workflow
ðŸ“ Step 1: Enhanced form validation during registration
ðŸ“ Filling form with data: [ [32m'name'[39m, [32m'email'[39m, [32m'password'[39m, [32m'confirmPassword'[39m ]
âœ… Form filled successfully
ðŸ–±ï¸ Clicking button: "Criar Conta"

[[ATTACHMENT|../test-results/flows-enhanced-workflows-i-a0fde-kflow-with-all-improvements-webkit/test-failed-1.png]]

[[ATTACHMENT|../test-results/flows-enhanced-workflows-i-a0fde-kflow-with-all-improvements-webkit/video.webm]]

[[ATTACHMENT|../test-results/flows-enhanced-workflows-i-a0fde-kflow-with-all-improvements-webkit/error-context.md]]
]]>
</system-out>
</testcase>
<testcase name="Enhanced Workflows Integration â€º authentication persistence across different scenarios" classname="flows/enhanced-workflows-integration.spec.ts" time="4.2">
<failure message="enhanced-workflows-integration.spec.ts:322:7 authentication persistence across different scenarios" type="FAILURE">
<![CDATA[  [webkit] â€º flows/enhanced-workflows-integration.spec.ts:322:7 â€º Enhanced Workflows Integration â€º authentication persistence across different scenarios 

    Error: Login failed: 

       at helpers/auth.ts:79

      77 |         if (errorElement) {
      78 |           const errorText = await errorElement.textContent();
    > 79 |           throw new Error(`Login failed: ${errorText}`);
         |                 ^
      80 |         } else {
      81 |           throw new Error('Login failed: Unknown error');
      82 |         }
        at AuthHelper.login (/Users/carlos/Documents/Github_Projects/docfiscal-frontend/tests/helpers/auth.ts:79:17)
        at AuthHelper.loginWithValidUser (/Users/carlos/Documents/Github_Projects/docfiscal-frontend/tests/helpers/auth.ts:95:5)
        at /Users/carlos/Documents/Github_Projects/docfiscal-frontend/tests/flows/enhanced-workflows-integration.spec.ts:335:5

    attachment #1: screenshot (image/png) â”€â”€â”€â”€â”€â”€â”€â”€â”€â”€â”€â”€â”€â”€â”€â”€â”€â”€â”€â”€â”€â”€â”€â”€â”€â”€â”€â”€â”€â”€â”€â”€â”€â”€â”€â”€â”€â”€â”€â”€â”€â”€â”€â”€â”€â”€â”€â”€â”€â”€â”€â”€â”€â”€â”€â”€â”€â”€
    reports/test-results/flows-enhanced-workflows-i-35f21--across-different-scenarios-webkit/test-failed-1.png
    â”€â”€â”€â”€â”€â”€â”€â”€â”€â”€â”€â”€â”€â”€â”€â”€â”€â”€â”€â”€â”€â”€â”€â”€â”€â”€â”€â”€â”€â”€â”€â”€â”€â”€â”€â”€â”€â”€â”€â”€â”€â”€â”€â”€â”€â”€â”€â”€â”€â”€â”€â”€â”€â”€â”€â”€â”€â”€â”€â”€â”€â”€â”€â”€â”€â”€â”€â”€â”€â”€â”€â”€â”€â”€â”€â”€â”€â”€â”€â”€â”€â”€â”€â”€â”€â”€â”€â”€â”€â”€â”€â”€â”€â”€â”€â”€

    attachment #2: video (video/webm) â”€â”€â”€â”€â”€â”€â”€â”€â”€â”€â”€â”€â”€â”€â”€â”€â”€â”€â”€â”€â”€â”€â”€â”€â”€â”€â”€â”€â”€â”€â”€â”€â”€â”€â”€â”€â”€â”€â”€â”€â”€â”€â”€â”€â”€â”€â”€â”€â”€â”€â”€â”€â”€â”€â”€â”€â”€â”€â”€â”€â”€â”€
    reports/test-results/flows-enhanced-workflows-i-35f21--across-different-scenarios-webkit/video.webm
    â”€â”€â”€â”€â”€â”€â”€â”€â”€â”€â”€â”€â”€â”€â”€â”€â”€â”€â”€â”€â”€â”€â”€â”€â”€â”€â”€â”€â”€â”€â”€â”€â”€â”€â”€â”€â”€â”€â”€â”€â”€â”€â”€â”€â”€â”€â”€â”€â”€â”€â”€â”€â”€â”€â”€â”€â”€â”€â”€â”€â”€â”€â”€â”€â”€â”€â”€â”€â”€â”€â”€â”€â”€â”€â”€â”€â”€â”€â”€â”€â”€â”€â”€â”€â”€â”€â”€â”€â”€â”€â”€â”€â”€â”€â”€â”€

    Error Context: reports/test-results/flows-enhanced-workflows-i-35f21--across-different-scenarios-webkit/error-context.md
]]>
</failure>
<system-out>
<![CDATA[ðŸ” Testing authentication persistence across different scenarios
ðŸ“ Scenario 1: Normal login and page refresh
ðŸ” Logging in with email: test@docfiscal.com

[[ATTACHMENT|../test-results/flows-enhanced-workflows-i-35f21--across-different-scenarios-webkit/test-failed-1.png]]

[[ATTACHMENT|../test-results/flows-enhanced-workflows-i-35f21--across-different-scenarios-webkit/video.webm]]

[[ATTACHMENT|../test-results/flows-enhanced-workflows-i-35f21--across-different-scenarios-webkit/error-context.md]]
]]>
</system-out>
<system-err>
<![CDATA[âŒ Login failed: Error: Login failed: 
    at AuthHelper.login [90m(/Users/carlos/Documents/Github_Projects/docfiscal-frontend/[39mtests/helpers/auth.ts:79:17[90m)[39m
[90m    at runNextTicks (node:internal/process/task_queues:60:5)[39m
[90m    at processImmediate (node:internal/timers:449:9)[39m
[90m    at process.callbackTrampoline (node:internal/async_hooks:130:17)[39m
    at AuthHelper.loginWithValidUser [90m(/Users/carlos/Documents/Github_Projects/docfiscal-frontend/[39mtests/helpers/auth.ts:95:5[90m)[39m
    at [90m/Users/carlos/Documents/Github_Projects/docfiscal-frontend/[39mtests/flows/enhanced-workflows-integration.spec.ts:335:5
    at [90m/Users/carlos/Documents/Github_Projects/docfiscal-frontend/[39mnode_modules/[4mplaywright[24m/lib/worker/workerMain.js:322:9
    at [90m/Users/carlos/Documents/Github_Projects/docfiscal-frontend/[39mnode_modules/[4mplaywright[24m/lib/worker/testInfo.js:311:11
    at TimeoutManager.withRunnable [90m(/Users/carlos/Documents/Github_Projects/docfiscal-frontend/[39mnode_modules/[4mplaywright[24m/lib/worker/timeoutManager.js:67:14[90m)[39m
    at TestInfoImpl._runWithTimeout [90m(/Users/carlos/Documents/Github_Projects/docfiscal-frontend/[39mnode_modules/[4mplaywright[24m/lib/worker/testInfo.js:309:7[90m)[39m
    at [90m/Users/carlos/Documents/Github_Projects/docfiscal-frontend/[39mnode_modules/[4mplaywright[24m/lib/worker/workerMain.js:320:7
    at WorkerMain._runTest [90m(/Users/carlos/Documents/Github_Projects/docfiscal-frontend/[39mnode_modules/[4mplaywright[24m/lib/worker/workerMain.js:295:5[90m)[39m
    at WorkerMain.runTestGroup [90m(/Users/carlos/Documents/Github_Projects/docfiscal-frontend/[39mnode_modules/[4mplaywright[24m/lib/worker/workerMain.js:199:11[90m)[39m
    at process.<anonymous> [90m(/Users/carlos/Documents/Github_Projects/docfiscal-frontend/[39mnode_modules/[4mplaywright[24m/lib/common/process.js:65:22[90m)[39m
]]>
</system-err>
</testcase>
<testcase name="Enhanced Workflows Integration â€º payment flow with various success and failure conditions" classname="flows/enhanced-workflows-integration.spec.ts" time="2.578">
<failure message="enhanced-workflows-integration.spec.ts:412:7 payment flow with various success and failure conditions" type="FAILURE">
<![CDATA[  [webkit] â€º flows/enhanced-workflows-integration.spec.ts:412:7 â€º Enhanced Workflows Integration â€º payment flow with various success and failure conditions 

    Error: Login failed: 

       at helpers/auth.ts:79

      77 |         if (errorElement) {
      78 |           const errorText = await errorElement.textContent();
    > 79 |           throw new Error(`Login failed: ${errorText}`);
         |                 ^
      80 |         } else {
      81 |           throw new Error('Login failed: Unknown error');
      82 |         }
        at AuthHelper.login (/Users/carlos/Documents/Github_Projects/docfiscal-frontend/tests/helpers/auth.ts:79:17)
        at AuthHelper.loginWithValidUser (/Users/carlos/Documents/Github_Projects/docfiscal-frontend/tests/helpers/auth.ts:95:5)
        at /Users/carlos/Documents/Github_Projects/docfiscal-frontend/tests/flows/enhanced-workflows-integration.spec.ts:424:5

    attachment #1: screenshot (image/png) â”€â”€â”€â”€â”€â”€â”€â”€â”€â”€â”€â”€â”€â”€â”€â”€â”€â”€â”€â”€â”€â”€â”€â”€â”€â”€â”€â”€â”€â”€â”€â”€â”€â”€â”€â”€â”€â”€â”€â”€â”€â”€â”€â”€â”€â”€â”€â”€â”€â”€â”€â”€â”€â”€â”€â”€â”€â”€
    reports/test-results/flows-enhanced-workflows-i-b76ba-cess-and-failure-conditions-webkit/test-failed-1.png
    â”€â”€â”€â”€â”€â”€â”€â”€â”€â”€â”€â”€â”€â”€â”€â”€â”€â”€â”€â”€â”€â”€â”€â”€â”€â”€â”€â”€â”€â”€â”€â”€â”€â”€â”€â”€â”€â”€â”€â”€â”€â”€â”€â”€â”€â”€â”€â”€â”€â”€â”€â”€â”€â”€â”€â”€â”€â”€â”€â”€â”€â”€â”€â”€â”€â”€â”€â”€â”€â”€â”€â”€â”€â”€â”€â”€â”€â”€â”€â”€â”€â”€â”€â”€â”€â”€â”€â”€â”€â”€â”€â”€â”€â”€â”€â”€

    attachment #2: video (video/webm) â”€â”€â”€â”€â”€â”€â”€â”€â”€â”€â”€â”€â”€â”€â”€â”€â”€â”€â”€â”€â”€â”€â”€â”€â”€â”€â”€â”€â”€â”€â”€â”€â”€â”€â”€â”€â”€â”€â”€â”€â”€â”€â”€â”€â”€â”€â”€â”€â”€â”€â”€â”€â”€â”€â”€â”€â”€â”€â”€â”€â”€â”€
    reports/test-results/flows-enhanced-workflows-i-b76ba-cess-and-failure-conditions-webkit/video.webm
    â”€â”€â”€â”€â”€â”€â”€â”€â”€â”€â”€â”€â”€â”€â”€â”€â”€â”€â”€â”€â”€â”€â”€â”€â”€â”€â”€â”€â”€â”€â”€â”€â”€â”€â”€â”€â”€â”€â”€â”€â”€â”€â”€â”€â”€â”€â”€â”€â”€â”€â”€â”€â”€â”€â”€â”€â”€â”€â”€â”€â”€â”€â”€â”€â”€â”€â”€â”€â”€â”€â”€â”€â”€â”€â”€â”€â”€â”€â”€â”€â”€â”€â”€â”€â”€â”€â”€â”€â”€â”€â”€â”€â”€â”€â”€â”€

    Error Context: reports/test-results/flows-enhanced-workflows-i-b76ba-cess-and-failure-conditions-webkit/error-context.md
]]>
</failure>
<system-out>
<![CDATA[ðŸ’³ Testing payment flow with various conditions
ðŸ” Logging in with email: test@docfiscal.com

[[ATTACHMENT|../test-results/flows-enhanced-workflows-i-b76ba-cess-and-failure-conditions-webkit/test-failed-1.png]]

[[ATTACHMENT|../test-results/flows-enhanced-workflows-i-b76ba-cess-and-failure-conditions-webkit/video.webm]]

[[ATTACHMENT|../test-results/flows-enhanced-workflows-i-b76ba-cess-and-failure-conditions-webkit/error-context.md]]
]]>
</system-out>
<system-err>
<![CDATA[âŒ Login failed: Error: Login failed: 
    at AuthHelper.login [90m(/Users/carlos/Documents/Github_Projects/docfiscal-frontend/[39mtests/helpers/auth.ts:79:17[90m)[39m
[90m    at runNextTicks (node:internal/process/task_queues:60:5)[39m
[90m    at processImmediate (node:internal/timers:449:9)[39m
[90m    at process.callbackTrampoline (node:internal/async_hooks:130:17)[39m
    at AuthHelper.loginWithValidUser [90m(/Users/carlos/Documents/Github_Projects/docfiscal-frontend/[39mtests/helpers/auth.ts:95:5[90m)[39m
    at [90m/Users/carlos/Documents/Github_Projects/docfiscal-frontend/[39mtests/flows/enhanced-workflows-integration.spec.ts:424:5
    at [90m/Users/carlos/Documents/Github_Projects/docfiscal-frontend/[39mnode_modules/[4mplaywright[24m/lib/worker/workerMain.js:322:9
    at [90m/Users/carlos/Documents/Github_Projects/docfiscal-frontend/[39mnode_modules/[4mplaywright[24m/lib/worker/testInfo.js:311:11
    at TimeoutManager.withRunnable [90m(/Users/carlos/Documents/Github_Projects/docfiscal-frontend/[39mnode_modules/[4mplaywright[24m/lib/worker/timeoutManager.js:67:14[90m)[39m
    at TestInfoImpl._runWithTimeout [90m(/Users/carlos/Documents/Github_Projects/docfiscal-frontend/[39mnode_modules/[4mplaywright[24m/lib/worker/testInfo.js:309:7[90m)[39m
    at [90m/Users/carlos/Documents/Github_Projects/docfiscal-frontend/[39mnode_modules/[4mplaywright[24m/lib/worker/workerMain.js:320:7
    at WorkerMain._runTest [90m(/Users/carlos/Documents/Github_Projects/docfiscal-frontend/[39mnode_modules/[4mplaywright[24m/lib/worker/workerMain.js:295:5[90m)[39m
    at WorkerMain.runTestGroup [90m(/Users/carlos/Documents/Github_Projects/docfiscal-frontend/[39mnode_modules/[4mplaywright[24m/lib/worker/workerMain.js:199:11[90m)[39m
    at process.<anonymous> [90m(/Users/carlos/Documents/Github_Projects/docfiscal-frontend/[39mnode_modules/[4mplaywright[24m/lib/common/process.js:65:22[90m)[39m
]]>
</system-err>
</testcase>
<testcase name="Enhanced Workflows Integration â€º error recovery and user guidance across workflows" classname="flows/enhanced-workflows-integration.spec.ts" time="2.526">
<failure message="enhanced-workflows-integration.spec.ts:597:7 error recovery and user guidance across workflows" type="FAILURE">
<![CDATA[  [webkit] â€º flows/enhanced-workflows-integration.spec.ts:597:7 â€º Enhanced Workflows Integration â€º error recovery and user guidance across workflows 

    Error: Login failed: 

       at helpers/auth.ts:79

      77 |         if (errorElement) {
      78 |           const errorText = await errorElement.textContent();
    > 79 |           throw new Error(`Login failed: ${errorText}`);
         |                 ^
      80 |         } else {
      81 |           throw new Error('Login failed: Unknown error');
      82 |         }
        at AuthHelper.login (/Users/carlos/Documents/Github_Projects/docfiscal-frontend/tests/helpers/auth.ts:79:17)
        at AuthHelper.loginWithValidUser (/Users/carlos/Documents/Github_Projects/docfiscal-frontend/tests/helpers/auth.ts:95:5)
        at /Users/carlos/Documents/Github_Projects/docfiscal-frontend/tests/flows/enhanced-workflows-integration.spec.ts:608:5

    attachment #1: screenshot (image/png) â”€â”€â”€â”€â”€â”€â”€â”€â”€â”€â”€â”€â”€â”€â”€â”€â”€â”€â”€â”€â”€â”€â”€â”€â”€â”€â”€â”€â”€â”€â”€â”€â”€â”€â”€â”€â”€â”€â”€â”€â”€â”€â”€â”€â”€â”€â”€â”€â”€â”€â”€â”€â”€â”€â”€â”€â”€â”€
    reports/test-results/flows-enhanced-workflows-i-d1e3f-r-guidance-across-workflows-webkit/test-failed-1.png
    â”€â”€â”€â”€â”€â”€â”€â”€â”€â”€â”€â”€â”€â”€â”€â”€â”€â”€â”€â”€â”€â”€â”€â”€â”€â”€â”€â”€â”€â”€â”€â”€â”€â”€â”€â”€â”€â”€â”€â”€â”€â”€â”€â”€â”€â”€â”€â”€â”€â”€â”€â”€â”€â”€â”€â”€â”€â”€â”€â”€â”€â”€â”€â”€â”€â”€â”€â”€â”€â”€â”€â”€â”€â”€â”€â”€â”€â”€â”€â”€â”€â”€â”€â”€â”€â”€â”€â”€â”€â”€â”€â”€â”€â”€â”€â”€

    attachment #2: video (video/webm) â”€â”€â”€â”€â”€â”€â”€â”€â”€â”€â”€â”€â”€â”€â”€â”€â”€â”€â”€â”€â”€â”€â”€â”€â”€â”€â”€â”€â”€â”€â”€â”€â”€â”€â”€â”€â”€â”€â”€â”€â”€â”€â”€â”€â”€â”€â”€â”€â”€â”€â”€â”€â”€â”€â”€â”€â”€â”€â”€â”€â”€â”€
    reports/test-results/flows-enhanced-workflows-i-d1e3f-r-guidance-across-workflows-webkit/video.webm
    â”€â”€â”€â”€â”€â”€â”€â”€â”€â”€â”€â”€â”€â”€â”€â”€â”€â”€â”€â”€â”€â”€â”€â”€â”€â”€â”€â”€â”€â”€â”€â”€â”€â”€â”€â”€â”€â”€â”€â”€â”€â”€â”€â”€â”€â”€â”€â”€â”€â”€â”€â”€â”€â”€â”€â”€â”€â”€â”€â”€â”€â”€â”€â”€â”€â”€â”€â”€â”€â”€â”€â”€â”€â”€â”€â”€â”€â”€â”€â”€â”€â”€â”€â”€â”€â”€â”€â”€â”€â”€â”€â”€â”€â”€â”€â”€

    Error Context: reports/test-results/flows-enhanced-workflows-i-d1e3f-r-guidance-across-workflows-webkit/error-context.md
]]>
</failure>
<system-out>
<![CDATA[ðŸ› ï¸ Testing error recovery and user guidance
ðŸ” Logging in with email: test@docfiscal.com

[[ATTACHMENT|../test-results/flows-enhanced-workflows-i-d1e3f-r-guidance-across-workflows-webkit/test-failed-1.png]]

[[ATTACHMENT|../test-results/flows-enhanced-workflows-i-d1e3f-r-guidance-across-workflows-webkit/video.webm]]

[[ATTACHMENT|../test-results/flows-enhanced-workflows-i-d1e3f-r-guidance-across-workflows-webkit/error-context.md]]
]]>
</system-out>
<system-err>
<![CDATA[âŒ Login failed: Error: Login failed: 
    at AuthHelper.login [90m(/Users/carlos/Documents/Github_Projects/docfiscal-frontend/[39mtests/helpers/auth.ts:79:17[90m)[39m
    at AuthHelper.loginWithValidUser [90m(/Users/carlos/Documents/Github_Projects/docfiscal-frontend/[39mtests/helpers/auth.ts:95:5[90m)[39m
    at [90m/Users/carlos/Documents/Github_Projects/docfiscal-frontend/[39mtests/flows/enhanced-workflows-integration.spec.ts:608:5
    at [90m/Users/carlos/Documents/Github_Projects/docfiscal-frontend/[39mnode_modules/[4mplaywright[24m/lib/worker/workerMain.js:322:9
    at [90m/Users/carlos/Documents/Github_Projects/docfiscal-frontend/[39mnode_modules/[4mplaywright[24m/lib/worker/testInfo.js:311:11
    at TimeoutManager.withRunnable [90m(/Users/carlos/Documents/Github_Projects/docfiscal-frontend/[39mnode_modules/[4mplaywright[24m/lib/worker/timeoutManager.js:67:14[90m)[39m
    at TestInfoImpl._runWithTimeout [90m(/Users/carlos/Documents/Github_Projects/docfiscal-frontend/[39mnode_modules/[4mplaywright[24m/lib/worker/testInfo.js:309:7[90m)[39m
    at [90m/Users/carlos/Documents/Github_Projects/docfiscal-frontend/[39mnode_modules/[4mplaywright[24m/lib/worker/workerMain.js:320:7
    at WorkerMain._runTest [90m(/Users/carlos/Documents/Github_Projects/docfiscal-frontend/[39mnode_modules/[4mplaywright[24m/lib/worker/workerMain.js:295:5[90m)[39m
    at WorkerMain.runTestGroup [90m(/Users/carlos/Documents/Github_Projects/docfiscal-frontend/[39mnode_modules/[4mplaywright[24m/lib/worker/workerMain.js:199:11[90m)[39m
    at process.<anonymous> [90m(/Users/carlos/Documents/Github_Projects/docfiscal-frontend/[39mnode_modules/[4mplaywright[24m/lib/common/process.js:65:22[90m)[39m
]]>
</system-err>
</testcase>
</testsuite>
<testsuite name="flows/enhanced-workflows-integration.spec.ts" timestamp="2025-12-26T20:07:06.702Z" hostname="Mobile Chrome" tests="4" failures="4" skipped="0" time="15.902" errors="0">
<testcase name="Enhanced Workflows Integration â€º complete upload-to-download workflow with all improvements" classname="flows/enhanced-workflows-integration.spec.ts" time="11.614">
<failure message="enhanced-workflows-integration.spec.ts:16:7 complete upload-to-download workflow with all improvements" type="FAILURE">
<![CDATA[  [Mobile Chrome] â€º flows/enhanced-workflows-integration.spec.ts:16:7 â€º Enhanced Workflows Integration â€º complete upload-to-download workflow with all improvements 

    Error: Button with text "Criar Conta" not found or not clickable

       at helpers/ui-interactions.ts:80

      78 |     
      79 |     if (!clicked) {
    > 80 |       throw new Error(`Button with text "${buttonText}" not found or not clickable`);
         |             ^
      81 |     }
      82 |     
      83 |     console.log(`âœ… Successfully clicked button: "${buttonText}"`);
        at UIInteractionHelper.clickButton (/Users/carlos/Documents/Github_Projects/docfiscal-frontend/tests/helpers/ui-interactions.ts:80:13)
        at /Users/carlos/Documents/Github_Projects/docfiscal-frontend/tests/flows/enhanced-workflows-integration.spec.ts:40:5

    attachment #1: screenshot (image/png) â”€â”€â”€â”€â”€â”€â”€â”€â”€â”€â”€â”€â”€â”€â”€â”€â”€â”€â”€â”€â”€â”€â”€â”€â”€â”€â”€â”€â”€â”€â”€â”€â”€â”€â”€â”€â”€â”€â”€â”€â”€â”€â”€â”€â”€â”€â”€â”€â”€â”€â”€â”€â”€â”€â”€â”€â”€â”€
    reports/test-results/flows-enhanced-workflows-i-a0fde-kflow-with-all-improvements-Mobile-Chrome/test-failed-1.png
    â”€â”€â”€â”€â”€â”€â”€â”€â”€â”€â”€â”€â”€â”€â”€â”€â”€â”€â”€â”€â”€â”€â”€â”€â”€â”€â”€â”€â”€â”€â”€â”€â”€â”€â”€â”€â”€â”€â”€â”€â”€â”€â”€â”€â”€â”€â”€â”€â”€â”€â”€â”€â”€â”€â”€â”€â”€â”€â”€â”€â”€â”€â”€â”€â”€â”€â”€â”€â”€â”€â”€â”€â”€â”€â”€â”€â”€â”€â”€â”€â”€â”€â”€â”€â”€â”€â”€â”€â”€â”€â”€â”€â”€â”€â”€â”€

    attachment #2: video (video/webm) â”€â”€â”€â”€â”€â”€â”€â”€â”€â”€â”€â”€â”€â”€â”€â”€â”€â”€â”€â”€â”€â”€â”€â”€â”€â”€â”€â”€â”€â”€â”€â”€â”€â”€â”€â”€â”€â”€â”€â”€â”€â”€â”€â”€â”€â”€â”€â”€â”€â”€â”€â”€â”€â”€â”€â”€â”€â”€â”€â”€â”€â”€
    reports/test-results/flows-enhanced-workflows-i-a0fde-kflow-with-all-improvements-Mobile-Chrome/video.webm
    â”€â”€â”€â”€â”€â”€â”€â”€â”€â”€â”€â”€â”€â”€â”€â”€â”€â”€â”€â”€â”€â”€â”€â”€â”€â”€â”€â”€â”€â”€â”€â”€â”€â”€â”€â”€â”€â”€â”€â”€â”€â”€â”€â”€â”€â”€â”€â”€â”€â”€â”€â”€â”€â”€â”€â”€â”€â”€â”€â”€â”€â”€â”€â”€â”€â”€â”€â”€â”€â”€â”€â”€â”€â”€â”€â”€â”€â”€â”€â”€â”€â”€â”€â”€â”€â”€â”€â”€â”€â”€â”€â”€â”€â”€â”€â”€

    Error Context: reports/test-results/flows-enhanced-workflows-i-a0fde-kflow-with-all-improvements-Mobile-Chrome/error-context.md
]]>
</failure>
<system-out>
<![CDATA[ðŸš€ Testing enhanced upload-to-download workflow
ðŸ“ Step 1: Enhanced form validation during registration
ðŸ“ Filling form with data: [ [32m'name'[39m, [32m'email'[39m, [32m'password'[39m, [32m'confirmPassword'[39m ]
âœ… Form filled successfully
ðŸ–±ï¸ Clicking button: "Criar Conta"

[[ATTACHMENT|../test-results/flows-enhanced-workflows-i-a0fde-kflow-with-all-improvements-Mobile-Chrome/test-failed-1.png]]

[[ATTACHMENT|../test-results/flows-enhanced-workflows-i-a0fde-kflow-with-all-improvements-Mobile-Chrome/video.webm]]

[[ATTACHMENT|../test-results/flows-enhanced-workflows-i-a0fde-kflow-with-all-improvements-Mobile-Chrome/error-context.md]]
]]>
</system-out>
</testcase>
<testcase name="Enhanced Workflows Integration â€º authentication persistence across different scenarios" classname="flows/enhanced-workflows-integration.spec.ts" time="1.644">
<failure message="enhanced-workflows-integration.spec.ts:322:7 authentication persistence across different scenarios" type="FAILURE">
<![CDATA[  [Mobile Chrome] â€º flows/enhanced-workflows-integration.spec.ts:322:7 â€º Enhanced Workflows Integration â€º authentication persistence across different scenarios 

    Error: Login failed: Login successful! Redirecting to dashboard...

       at helpers/auth.ts:79

      77 |         if (errorElement) {
      78 |           const errorText = await errorElement.textContent();
    > 79 |           throw new Error(`Login failed: ${errorText}`);
         |                 ^
      80 |         } else {
      81 |           throw new Error('Login failed: Unknown error');
      82 |         }
        at AuthHelper.login (/Users/carlos/Documents/Github_Projects/docfiscal-frontend/tests/helpers/auth.ts:79:17)
        at AuthHelper.loginWithValidUser (/Users/carlos/Documents/Github_Projects/docfiscal-frontend/tests/helpers/auth.ts:95:5)
        at /Users/carlos/Documents/Github_Projects/docfiscal-frontend/tests/flows/enhanced-workflows-integration.spec.ts:335:5

    attachment #1: screenshot (image/png) â”€â”€â”€â”€â”€â”€â”€â”€â”€â”€â”€â”€â”€â”€â”€â”€â”€â”€â”€â”€â”€â”€â”€â”€â”€â”€â”€â”€â”€â”€â”€â”€â”€â”€â”€â”€â”€â”€â”€â”€â”€â”€â”€â”€â”€â”€â”€â”€â”€â”€â”€â”€â”€â”€â”€â”€â”€â”€
    reports/test-results/flows-enhanced-workflows-i-35f21--across-different-scenarios-Mobile-Chrome/test-failed-1.png
    â”€â”€â”€â”€â”€â”€â”€â”€â”€â”€â”€â”€â”€â”€â”€â”€â”€â”€â”€â”€â”€â”€â”€â”€â”€â”€â”€â”€â”€â”€â”€â”€â”€â”€â”€â”€â”€â”€â”€â”€â”€â”€â”€â”€â”€â”€â”€â”€â”€â”€â”€â”€â”€â”€â”€â”€â”€â”€â”€â”€â”€â”€â”€â”€â”€â”€â”€â”€â”€â”€â”€â”€â”€â”€â”€â”€â”€â”€â”€â”€â”€â”€â”€â”€â”€â”€â”€â”€â”€â”€â”€â”€â”€â”€â”€â”€

    attachment #2: video (video/webm) â”€â”€â”€â”€â”€â”€â”€â”€â”€â”€â”€â”€â”€â”€â”€â”€â”€â”€â”€â”€â”€â”€â”€â”€â”€â”€â”€â”€â”€â”€â”€â”€â”€â”€â”€â”€â”€â”€â”€â”€â”€â”€â”€â”€â”€â”€â”€â”€â”€â”€â”€â”€â”€â”€â”€â”€â”€â”€â”€â”€â”€â”€
    reports/test-results/flows-enhanced-workflows-i-35f21--across-different-scenarios-Mobile-Chrome/video.webm
    â”€â”€â”€â”€â”€â”€â”€â”€â”€â”€â”€â”€â”€â”€â”€â”€â”€â”€â”€â”€â”€â”€â”€â”€â”€â”€â”€â”€â”€â”€â”€â”€â”€â”€â”€â”€â”€â”€â”€â”€â”€â”€â”€â”€â”€â”€â”€â”€â”€â”€â”€â”€â”€â”€â”€â”€â”€â”€â”€â”€â”€â”€â”€â”€â”€â”€â”€â”€â”€â”€â”€â”€â”€â”€â”€â”€â”€â”€â”€â”€â”€â”€â”€â”€â”€â”€â”€â”€â”€â”€â”€â”€â”€â”€â”€â”€

    Error Context: reports/test-results/flows-enhanced-workflows-i-35f21--across-different-scenarios-Mobile-Chrome/error-context.md
]]>
</failure>
<system-out>
<![CDATA[ðŸ” Testing authentication persistence across different scenarios
ðŸ“ Scenario 1: Normal login and page refresh
ðŸ” Logging in with email: test@docfiscal.com

[[ATTACHMENT|../test-results/flows-enhanced-workflows-i-35f21--across-different-scenarios-Mobile-Chrome/test-failed-1.png]]

[[ATTACHMENT|../test-results/flows-enhanced-workflows-i-35f21--across-different-scenarios-Mobile-Chrome/video.webm]]

[[ATTACHMENT|../test-results/flows-enhanced-workflows-i-35f21--across-different-scenarios-Mobile-Chrome/error-context.md]]
]]>
</system-out>
<system-err>
<![CDATA[âŒ Login failed: Error: Login failed: Login successful! Redirecting to dashboard...
    at AuthHelper.login [90m(/Users/carlos/Documents/Github_Projects/docfiscal-frontend/[39mtests/helpers/auth.ts:79:17[90m)[39m
    at AuthHelper.loginWithValidUser [90m(/Users/carlos/Documents/Github_Projects/docfiscal-frontend/[39mtests/helpers/auth.ts:95:5[90m)[39m
    at [90m/Users/carlos/Documents/Github_Projects/docfiscal-frontend/[39mtests/flows/enhanced-workflows-integration.spec.ts:335:5
    at [90m/Users/carlos/Documents/Github_Projects/docfiscal-frontend/[39mnode_modules/[4mplaywright[24m/lib/worker/workerMain.js:322:9
    at [90m/Users/carlos/Documents/Github_Projects/docfiscal-frontend/[39mnode_modules/[4mplaywright[24m/lib/worker/testInfo.js:311:11
    at TimeoutManager.withRunnable [90m(/Users/carlos/Documents/Github_Projects/docfiscal-frontend/[39mnode_modules/[4mplaywright[24m/lib/worker/timeoutManager.js:67:14[90m)[39m
    at TestInfoImpl._runWithTimeout [90m(/Users/carlos/Documents/Github_Projects/docfiscal-frontend/[39mnode_modules/[4mplaywright[24m/lib/worker/testInfo.js:309:7[90m)[39m
    at [90m/Users/carlos/Documents/Github_Projects/docfiscal-frontend/[39mnode_modules/[4mplaywright[24m/lib/worker/workerMain.js:320:7
    at WorkerMain._runTest [90m(/Users/carlos/Documents/Github_Projects/docfiscal-frontend/[39mnode_modules/[4mplaywright[24m/lib/worker/workerMain.js:295:5[90m)[39m
    at WorkerMain.runTestGroup [90m(/Users/carlos/Documents/Github_Projects/docfiscal-frontend/[39mnode_modules/[4mplaywright[24m/lib/worker/workerMain.js:199:11[90m)[39m
    at process.<anonymous> [90m(/Users/carlos/Documents/Github_Projects/docfiscal-frontend/[39mnode_modules/[4mplaywright[24m/lib/common/process.js:65:22[90m)[39m
]]>
</system-err>
</testcase>
<testcase name="Enhanced Workflows Integration â€º payment flow with various success and failure conditions" classname="flows/enhanced-workflows-integration.spec.ts" time="1.672">
<failure message="enhanced-workflows-integration.spec.ts:412:7 payment flow with various success and failure conditions" type="FAILURE">
<![CDATA[  [Mobile Chrome] â€º flows/enhanced-workflows-integration.spec.ts:412:7 â€º Enhanced Workflows Integration â€º payment flow with various success and failure conditions 

    Error: Login failed: Login successful! Redirecting to dashboard...

       at helpers/auth.ts:79

      77 |         if (errorElement) {
      78 |           const errorText = await errorElement.textContent();
    > 79 |           throw new Error(`Login failed: ${errorText}`);
         |                 ^
      80 |         } else {
      81 |           throw new Error('Login failed: Unknown error');
      82 |         }
        at AuthHelper.login (/Users/carlos/Documents/Github_Projects/docfiscal-frontend/tests/helpers/auth.ts:79:17)
        at AuthHelper.loginWithValidUser (/Users/carlos/Documents/Github_Projects/docfiscal-frontend/tests/helpers/auth.ts:95:5)
        at /Users/carlos/Documents/Github_Projects/docfiscal-frontend/tests/flows/enhanced-workflows-integration.spec.ts:424:5

    attachment #1: screenshot (image/png) â”€â”€â”€â”€â”€â”€â”€â”€â”€â”€â”€â”€â”€â”€â”€â”€â”€â”€â”€â”€â”€â”€â”€â”€â”€â”€â”€â”€â”€â”€â”€â”€â”€â”€â”€â”€â”€â”€â”€â”€â”€â”€â”€â”€â”€â”€â”€â”€â”€â”€â”€â”€â”€â”€â”€â”€â”€â”€
    reports/test-results/flows-enhanced-workflows-i-b76ba-cess-and-failure-conditions-Mobile-Chrome/test-failed-1.png
    â”€â”€â”€â”€â”€â”€â”€â”€â”€â”€â”€â”€â”€â”€â”€â”€â”€â”€â”€â”€â”€â”€â”€â”€â”€â”€â”€â”€â”€â”€â”€â”€â”€â”€â”€â”€â”€â”€â”€â”€â”€â”€â”€â”€â”€â”€â”€â”€â”€â”€â”€â”€â”€â”€â”€â”€â”€â”€â”€â”€â”€â”€â”€â”€â”€â”€â”€â”€â”€â”€â”€â”€â”€â”€â”€â”€â”€â”€â”€â”€â”€â”€â”€â”€â”€â”€â”€â”€â”€â”€â”€â”€â”€â”€â”€â”€

    attachment #2: video (video/webm) â”€â”€â”€â”€â”€â”€â”€â”€â”€â”€â”€â”€â”€â”€â”€â”€â”€â”€â”€â”€â”€â”€â”€â”€â”€â”€â”€â”€â”€â”€â”€â”€â”€â”€â”€â”€â”€â”€â”€â”€â”€â”€â”€â”€â”€â”€â”€â”€â”€â”€â”€â”€â”€â”€â”€â”€â”€â”€â”€â”€â”€â”€
    reports/test-results/flows-enhanced-workflows-i-b76ba-cess-and-failure-conditions-Mobile-Chrome/video.webm
    â”€â”€â”€â”€â”€â”€â”€â”€â”€â”€â”€â”€â”€â”€â”€â”€â”€â”€â”€â”€â”€â”€â”€â”€â”€â”€â”€â”€â”€â”€â”€â”€â”€â”€â”€â”€â”€â”€â”€â”€â”€â”€â”€â”€â”€â”€â”€â”€â”€â”€â”€â”€â”€â”€â”€â”€â”€â”€â”€â”€â”€â”€â”€â”€â”€â”€â”€â”€â”€â”€â”€â”€â”€â”€â”€â”€â”€â”€â”€â”€â”€â”€â”€â”€â”€â”€â”€â”€â”€â”€â”€â”€â”€â”€â”€â”€

    Error Context: reports/test-results/flows-enhanced-workflows-i-b76ba-cess-and-failure-conditions-Mobile-Chrome/error-context.md
]]>
</failure>
<system-out>
<![CDATA[ðŸ’³ Testing payment flow with various conditions
ðŸ” Logging in with email: test@docfiscal.com

[[ATTACHMENT|../test-results/flows-enhanced-workflows-i-b76ba-cess-and-failure-conditions-Mobile-Chrome/test-failed-1.png]]

[[ATTACHMENT|../test-results/flows-enhanced-workflows-i-b76ba-cess-and-failure-conditions-Mobile-Chrome/video.webm]]

[[ATTACHMENT|../test-results/flows-enhanced-workflows-i-b76ba-cess-and-failure-conditions-Mobile-Chrome/error-context.md]]
]]>
</system-out>
<system-err>
<![CDATA[âŒ Login failed: Error: Login failed: Login successful! Redirecting to dashboard...
    at AuthHelper.login [90m(/Users/carlos/Documents/Github_Projects/docfiscal-frontend/[39mtests/helpers/auth.ts:79:17[90m)[39m
[90m    at runNextTicks (node:internal/process/task_queues:60:5)[39m
[90m    at processImmediate (node:internal/timers:449:9)[39m
[90m    at process.callbackTrampoline (node:internal/async_hooks:130:17)[39m
    at AuthHelper.loginWithValidUser [90m(/Users/carlos/Documents/Github_Projects/docfiscal-frontend/[39mtests/helpers/auth.ts:95:5[90m)[39m
    at [90m/Users/carlos/Documents/Github_Projects/docfiscal-frontend/[39mtests/flows/enhanced-workflows-integration.spec.ts:424:5
    at [90m/Users/carlos/Documents/Github_Projects/docfiscal-frontend/[39mnode_modules/[4mplaywright[24m/lib/worker/workerMain.js:322:9
    at [90m/Users/carlos/Documents/Github_Projects/docfiscal-frontend/[39mnode_modules/[4mplaywright[24m/lib/worker/testInfo.js:311:11
    at TimeoutManager.withRunnable [90m(/Users/carlos/Documents/Github_Projects/docfiscal-frontend/[39mnode_modules/[4mplaywright[24m/lib/worker/timeoutManager.js:67:14[90m)[39m
    at TestInfoImpl._runWithTimeout [90m(/Users/carlos/Documents/Github_Projects/docfiscal-frontend/[39mnode_modules/[4mplaywright[24m/lib/worker/testInfo.js:309:7[90m)[39m
    at [90m/Users/carlos/Documents/Github_Projects/docfiscal-frontend/[39mnode_modules/[4mplaywright[24m/lib/worker/workerMain.js:320:7
    at WorkerMain._runTest [90m(/Users/carlos/Documents/Github_Projects/docfiscal-frontend/[39mnode_modules/[4mplaywright[24m/lib/worker/workerMain.js:295:5[90m)[39m
    at WorkerMain.runTestGroup [90m(/Users/carlos/Documents/Github_Projects/docfiscal-frontend/[39mnode_modules/[4mplaywright[24m/lib/worker/workerMain.js:199:11[90m)[39m
    at process.<anonymous> [90m(/Users/carlos/Documents/Github_Projects/docfiscal-frontend/[39mnode_modules/[4mplaywright[24m/lib/common/process.js:65:22[90m)[39m
]]>
</system-err>
</testcase>
<testcase name="Enhanced Workflows Integration â€º error recovery and user guidance across workflows" classname="flows/enhanced-workflows-integration.spec.ts" time="0.972">
<failure message="enhanced-workflows-integration.spec.ts:597:7 error recovery and user guidance across workflows" type="FAILURE">
<![CDATA[  [Mobile Chrome] â€º flows/enhanced-workflows-integration.spec.ts:597:7 â€º Enhanced Workflows Integration â€º error recovery and user guidance across workflows 

    Error: Login failed: 

       at helpers/auth.ts:79

      77 |         if (errorElement) {
      78 |           const errorText = await errorElement.textContent();
    > 79 |           throw new Error(`Login failed: ${errorText}`);
         |                 ^
      80 |         } else {
      81 |           throw new Error('Login failed: Unknown error');
      82 |         }
        at AuthHelper.login (/Users/carlos/Documents/Github_Projects/docfiscal-frontend/tests/helpers/auth.ts:79:17)
        at AuthHelper.loginWithValidUser (/Users/carlos/Documents/Github_Projects/docfiscal-frontend/tests/helpers/auth.ts:95:5)
        at /Users/carlos/Documents/Github_Projects/docfiscal-frontend/tests/flows/enhanced-workflows-integration.spec.ts:608:5

    attachment #1: screenshot (image/png) â”€â”€â”€â”€â”€â”€â”€â”€â”€â”€â”€â”€â”€â”€â”€â”€â”€â”€â”€â”€â”€â”€â”€â”€â”€â”€â”€â”€â”€â”€â”€â”€â”€â”€â”€â”€â”€â”€â”€â”€â”€â”€â”€â”€â”€â”€â”€â”€â”€â”€â”€â”€â”€â”€â”€â”€â”€â”€
    reports/test-results/flows-enhanced-workflows-i-d1e3f-r-guidance-across-workflows-Mobile-Chrome/test-failed-1.png
    â”€â”€â”€â”€â”€â”€â”€â”€â”€â”€â”€â”€â”€â”€â”€â”€â”€â”€â”€â”€â”€â”€â”€â”€â”€â”€â”€â”€â”€â”€â”€â”€â”€â”€â”€â”€â”€â”€â”€â”€â”€â”€â”€â”€â”€â”€â”€â”€â”€â”€â”€â”€â”€â”€â”€â”€â”€â”€â”€â”€â”€â”€â”€â”€â”€â”€â”€â”€â”€â”€â”€â”€â”€â”€â”€â”€â”€â”€â”€â”€â”€â”€â”€â”€â”€â”€â”€â”€â”€â”€â”€â”€â”€â”€â”€â”€

    attachment #2: video (video/webm) â”€â”€â”€â”€â”€â”€â”€â”€â”€â”€â”€â”€â”€â”€â”€â”€â”€â”€â”€â”€â”€â”€â”€â”€â”€â”€â”€â”€â”€â”€â”€â”€â”€â”€â”€â”€â”€â”€â”€â”€â”€â”€â”€â”€â”€â”€â”€â”€â”€â”€â”€â”€â”€â”€â”€â”€â”€â”€â”€â”€â”€â”€
    reports/test-results/flows-enhanced-workflows-i-d1e3f-r-guidance-across-workflows-Mobile-Chrome/video.webm
    â”€â”€â”€â”€â”€â”€â”€â”€â”€â”€â”€â”€â”€â”€â”€â”€â”€â”€â”€â”€â”€â”€â”€â”€â”€â”€â”€â”€â”€â”€â”€â”€â”€â”€â”€â”€â”€â”€â”€â”€â”€â”€â”€â”€â”€â”€â”€â”€â”€â”€â”€â”€â”€â”€â”€â”€â”€â”€â”€â”€â”€â”€â”€â”€â”€â”€â”€â”€â”€â”€â”€â”€â”€â”€â”€â”€â”€â”€â”€â”€â”€â”€â”€â”€â”€â”€â”€â”€â”€â”€â”€â”€â”€â”€â”€â”€

    Error Context: reports/test-results/flows-enhanced-workflows-i-d1e3f-r-guidance-across-workflows-Mobile-Chrome/error-context.md
]]>
</failure>
<system-out>
<![CDATA[ðŸ› ï¸ Testing error recovery and user guidance
ðŸ” Logging in with email: test@docfiscal.com

[[ATTACHMENT|../test-results/flows-enhanced-workflows-i-d1e3f-r-guidance-across-workflows-Mobile-Chrome/test-failed-1.png]]

[[ATTACHMENT|../test-results/flows-enhanced-workflows-i-d1e3f-r-guidance-across-workflows-Mobile-Chrome/video.webm]]

[[ATTACHMENT|../test-results/flows-enhanced-workflows-i-d1e3f-r-guidance-across-workflows-Mobile-Chrome/error-context.md]]
]]>
</system-out>
<system-err>
<![CDATA[âŒ Login failed: Error: Login failed: 
    at AuthHelper.login [90m(/Users/carlos/Documents/Github_Projects/docfiscal-frontend/[39mtests/helpers/auth.ts:79:17[90m)[39m
[90m    at runNextTicks (node:internal/process/task_queues:60:5)[39m
[90m    at processImmediate (node:internal/timers:449:9)[39m
[90m    at process.callbackTrampoline (node:internal/async_hooks:130:17)[39m
    at AuthHelper.loginWithValidUser [90m(/Users/carlos/Documents/Github_Projects/docfiscal-frontend/[39mtests/helpers/auth.ts:95:5[90m)[39m
    at [90m/Users/carlos/Documents/Github_Projects/docfiscal-frontend/[39mtests/flows/enhanced-workflows-integration.spec.ts:608:5
    at [90m/Users/carlos/Documents/Github_Projects/docfiscal-frontend/[39mnode_modules/[4mplaywright[24m/lib/worker/workerMain.js:322:9
    at [90m/Users/carlos/Documents/Github_Projects/docfiscal-frontend/[39mnode_modules/[4mplaywright[24m/lib/worker/testInfo.js:311:11
    at TimeoutManager.withRunnable [90m(/Users/carlos/Documents/Github_Projects/docfiscal-frontend/[39mnode_modules/[4mplaywright[24m/lib/worker/timeoutManager.js:67:14[90m)[39m
    at TestInfoImpl._runWithTimeout [90m(/Users/carlos/Documents/Github_Projects/docfiscal-frontend/[39mnode_modules/[4mplaywright[24m/lib/worker/testInfo.js:309:7[90m)[39m
    at [90m/Users/carlos/Documents/Github_Projects/docfiscal-frontend/[39mnode_modules/[4mplaywright[24m/lib/worker/workerMain.js:320:7
    at WorkerMain._runTest [90m(/Users/carlos/Documents/Github_Projects/docfiscal-frontend/[39mnode_modules/[4mplaywright[24m/lib/worker/workerMain.js:295:5[90m)[39m
    at WorkerMain.runTestGroup [90m(/Users/carlos/Documents/Github_Projects/docfiscal-frontend/[39mnode_modules/[4mplaywright[24m/lib/worker/workerMain.js:199:11[90m)[39m
    at process.<anonymous> [90m(/Users/carlos/Documents/Github_Projects/docfiscal-frontend/[39mnode_modules/[4mplaywright[24m/lib/common/process.js:65:22[90m)[39m
]]>
</system-err>
</testcase>
</testsuite>
<testsuite name="flows/enhanced-workflows-integration.spec.ts" timestamp="2025-12-26T20:07:06.702Z" hostname="Mobile Safari" tests="4" failures="4" skipped="0" time="15.81" errors="0">
<testcase name="Enhanced Workflows Integration â€º complete upload-to-download workflow with all improvements" classname="flows/enhanced-workflows-integration.spec.ts" time="11.728">
<failure message="enhanced-workflows-integration.spec.ts:16:7 complete upload-to-download workflow with all improvements" type="FAILURE">
<![CDATA[  [Mobile Safari] â€º flows/enhanced-workflows-integration.spec.ts:16:7 â€º Enhanced Workflows Integration â€º complete upload-to-download workflow with all improvements 

    Error: Button with text "Criar Conta" not found or not clickable

       at helpers/ui-interactions.ts:80

      78 |     
      79 |     if (!clicked) {
    > 80 |       throw new Error(`Button with text "${buttonText}" not found or not clickable`);
         |             ^
      81 |     }
      82 |     
      83 |     console.log(`âœ… Successfully clicked button: "${buttonText}"`);
        at UIInteractionHelper.clickButton (/Users/carlos/Documents/Github_Projects/docfiscal-frontend/tests/helpers/ui-interactions.ts:80:13)
        at /Users/carlos/Documents/Github_Projects/docfiscal-frontend/tests/flows/enhanced-workflows-integration.spec.ts:40:5

    attachment #1: screenshot (image/png) â”€â”€â”€â”€â”€â”€â”€â”€â”€â”€â”€â”€â”€â”€â”€â”€â”€â”€â”€â”€â”€â”€â”€â”€â”€â”€â”€â”€â”€â”€â”€â”€â”€â”€â”€â”€â”€â”€â”€â”€â”€â”€â”€â”€â”€â”€â”€â”€â”€â”€â”€â”€â”€â”€â”€â”€â”€â”€
    reports/test-results/flows-enhanced-workflows-i-a0fde-kflow-with-all-improvements-Mobile-Safari/test-failed-1.png
    â”€â”€â”€â”€â”€â”€â”€â”€â”€â”€â”€â”€â”€â”€â”€â”€â”€â”€â”€â”€â”€â”€â”€â”€â”€â”€â”€â”€â”€â”€â”€â”€â”€â”€â”€â”€â”€â”€â”€â”€â”€â”€â”€â”€â”€â”€â”€â”€â”€â”€â”€â”€â”€â”€â”€â”€â”€â”€â”€â”€â”€â”€â”€â”€â”€â”€â”€â”€â”€â”€â”€â”€â”€â”€â”€â”€â”€â”€â”€â”€â”€â”€â”€â”€â”€â”€â”€â”€â”€â”€â”€â”€â”€â”€â”€â”€

    attachment #2: video (video/webm) â”€â”€â”€â”€â”€â”€â”€â”€â”€â”€â”€â”€â”€â”€â”€â”€â”€â”€â”€â”€â”€â”€â”€â”€â”€â”€â”€â”€â”€â”€â”€â”€â”€â”€â”€â”€â”€â”€â”€â”€â”€â”€â”€â”€â”€â”€â”€â”€â”€â”€â”€â”€â”€â”€â”€â”€â”€â”€â”€â”€â”€â”€
    reports/test-results/flows-enhanced-workflows-i-a0fde-kflow-with-all-improvements-Mobile-Safari/video.webm
    â”€â”€â”€â”€â”€â”€â”€â”€â”€â”€â”€â”€â”€â”€â”€â”€â”€â”€â”€â”€â”€â”€â”€â”€â”€â”€â”€â”€â”€â”€â”€â”€â”€â”€â”€â”€â”€â”€â”€â”€â”€â”€â”€â”€â”€â”€â”€â”€â”€â”€â”€â”€â”€â”€â”€â”€â”€â”€â”€â”€â”€â”€â”€â”€â”€â”€â”€â”€â”€â”€â”€â”€â”€â”€â”€â”€â”€â”€â”€â”€â”€â”€â”€â”€â”€â”€â”€â”€â”€â”€â”€â”€â”€â”€â”€â”€

    Error Context: reports/test-results/flows-enhanced-workflows-i-a0fde-kflow-with-all-improvements-Mobile-Safari/error-context.md
]]>
</failure>
<system-out>
<![CDATA[ðŸš€ Testing enhanced upload-to-download workflow
ðŸ“ Step 1: Enhanced form validation during registration
ðŸ“ Filling form with data: [ [32m'name'[39m, [32m'email'[39m, [32m'password'[39m, [32m'confirmPassword'[39m ]
âœ… Form filled successfully
ðŸ–±ï¸ Clicking button: "Criar Conta"

[[ATTACHMENT|../test-results/flows-enhanced-workflows-i-a0fde-kflow-with-all-improvements-Mobile-Safari/test-failed-1.png]]

[[ATTACHMENT|../test-results/flows-enhanced-workflows-i-a0fde-kflow-with-all-improvements-Mobile-Safari/video.webm]]

[[ATTACHMENT|../test-results/flows-enhanced-workflows-i-a0fde-kflow-with-all-improvements-Mobile-Safari/error-context.md]]
]]>
</system-out>
</testcase>
<testcase name="Enhanced Workflows Integration â€º authentication persistence across different scenarios" classname="flows/enhanced-workflows-integration.spec.ts" time="1.317">
<failure message="enhanced-workflows-integration.spec.ts:322:7 authentication persistence across different scenarios" type="FAILURE">
<![CDATA[  [Mobile Safari] â€º flows/enhanced-workflows-integration.spec.ts:322:7 â€º Enhanced Workflows Integration â€º authentication persistence across different scenarios 

    Error: Login failed: 

       at helpers/auth.ts:79

      77 |         if (errorElement) {
      78 |           const errorText = await errorElement.textContent();
    > 79 |           throw new Error(`Login failed: ${errorText}`);
         |                 ^
      80 |         } else {
      81 |           throw new Error('Login failed: Unknown error');
      82 |         }
        at AuthHelper.login (/Users/carlos/Documents/Github_Projects/docfiscal-frontend/tests/helpers/auth.ts:79:17)
        at AuthHelper.loginWithValidUser (/Users/carlos/Documents/Github_Projects/docfiscal-frontend/tests/helpers/auth.ts:95:5)
        at /Users/carlos/Documents/Github_Projects/docfiscal-frontend/tests/flows/enhanced-workflows-integration.spec.ts:335:5

    attachment #1: screenshot (image/png) â”€â”€â”€â”€â”€â”€â”€â”€â”€â”€â”€â”€â”€â”€â”€â”€â”€â”€â”€â”€â”€â”€â”€â”€â”€â”€â”€â”€â”€â”€â”€â”€â”€â”€â”€â”€â”€â”€â”€â”€â”€â”€â”€â”€â”€â”€â”€â”€â”€â”€â”€â”€â”€â”€â”€â”€â”€â”€
    reports/test-results/flows-enhanced-workflows-i-35f21--across-different-scenarios-Mobile-Safari/test-failed-1.png
    â”€â”€â”€â”€â”€â”€â”€â”€â”€â”€â”€â”€â”€â”€â”€â”€â”€â”€â”€â”€â”€â”€â”€â”€â”€â”€â”€â”€â”€â”€â”€â”€â”€â”€â”€â”€â”€â”€â”€â”€â”€â”€â”€â”€â”€â”€â”€â”€â”€â”€â”€â”€â”€â”€â”€â”€â”€â”€â”€â”€â”€â”€â”€â”€â”€â”€â”€â”€â”€â”€â”€â”€â”€â”€â”€â”€â”€â”€â”€â”€â”€â”€â”€â”€â”€â”€â”€â”€â”€â”€â”€â”€â”€â”€â”€â”€

    attachment #2: video (video/webm) â”€â”€â”€â”€â”€â”€â”€â”€â”€â”€â”€â”€â”€â”€â”€â”€â”€â”€â”€â”€â”€â”€â”€â”€â”€â”€â”€â”€â”€â”€â”€â”€â”€â”€â”€â”€â”€â”€â”€â”€â”€â”€â”€â”€â”€â”€â”€â”€â”€â”€â”€â”€â”€â”€â”€â”€â”€â”€â”€â”€â”€â”€
    reports/test-results/flows-enhanced-workflows-i-35f21--across-different-scenarios-Mobile-Safari/video.webm
    â”€â”€â”€â”€â”€â”€â”€â”€â”€â”€â”€â”€â”€â”€â”€â”€â”€â”€â”€â”€â”€â”€â”€â”€â”€â”€â”€â”€â”€â”€â”€â”€â”€â”€â”€â”€â”€â”€â”€â”€â”€â”€â”€â”€â”€â”€â”€â”€â”€â”€â”€â”€â”€â”€â”€â”€â”€â”€â”€â”€â”€â”€â”€â”€â”€â”€â”€â”€â”€â”€â”€â”€â”€â”€â”€â”€â”€â”€â”€â”€â”€â”€â”€â”€â”€â”€â”€â”€â”€â”€â”€â”€â”€â”€â”€â”€

    Error Context: reports/test-results/flows-enhanced-workflows-i-35f21--across-different-scenarios-Mobile-Safari/error-context.md
]]>
</failure>
<system-out>
<![CDATA[ðŸ” Testing authentication persistence across different scenarios
ðŸ“ Scenario 1: Normal login and page refresh
ðŸ” Logging in with email: test@docfiscal.com

[[ATTACHMENT|../test-results/flows-enhanced-workflows-i-35f21--across-different-scenarios-Mobile-Safari/test-failed-1.png]]

[[ATTACHMENT|../test-results/flows-enhanced-workflows-i-35f21--across-different-scenarios-Mobile-Safari/video.webm]]

[[ATTACHMENT|../test-results/flows-enhanced-workflows-i-35f21--across-different-scenarios-Mobile-Safari/error-context.md]]
]]>
</system-out>
<system-err>
<![CDATA[âŒ Login failed: Error: Login failed: 
    at AuthHelper.login [90m(/Users/carlos/Documents/Github_Projects/docfiscal-frontend/[39mtests/helpers/auth.ts:79:17[90m)[39m
[90m    at runNextTicks (node:internal/process/task_queues:60:5)[39m
[90m    at processImmediate (node:internal/timers:449:9)[39m
[90m    at process.callbackTrampoline (node:internal/async_hooks:130:17)[39m
    at AuthHelper.loginWithValidUser [90m(/Users/carlos/Documents/Github_Projects/docfiscal-frontend/[39mtests/helpers/auth.ts:95:5[90m)[39m
    at [90m/Users/carlos/Documents/Github_Projects/docfiscal-frontend/[39mtests/flows/enhanced-workflows-integration.spec.ts:335:5
    at [90m/Users/carlos/Documents/Github_Projects/docfiscal-frontend/[39mnode_modules/[4mplaywright[24m/lib/worker/workerMain.js:322:9
    at [90m/Users/carlos/Documents/Github_Projects/docfiscal-frontend/[39mnode_modules/[4mplaywright[24m/lib/worker/testInfo.js:311:11
    at TimeoutManager.withRunnable [90m(/Users/carlos/Documents/Github_Projects/docfiscal-frontend/[39mnode_modules/[4mplaywright[24m/lib/worker/timeoutManager.js:67:14[90m)[39m
    at TestInfoImpl._runWithTimeout [90m(/Users/carlos/Documents/Github_Projects/docfiscal-frontend/[39mnode_modules/[4mplaywright[24m/lib/worker/testInfo.js:309:7[90m)[39m
    at [90m/Users/carlos/Documents/Github_Projects/docfiscal-frontend/[39mnode_modules/[4mplaywright[24m/lib/worker/workerMain.js:320:7
    at WorkerMain._runTest [90m(/Users/carlos/Documents/Github_Projects/docfiscal-frontend/[39mnode_modules/[4mplaywright[24m/lib/worker/workerMain.js:295:5[90m)[39m
    at WorkerMain.runTestGroup [90m(/Users/carlos/Documents/Github_Projects/docfiscal-frontend/[39mnode_modules/[4mplaywright[24m/lib/worker/workerMain.js:199:11[90m)[39m
    at process.<anonymous> [90m(/Users/carlos/Documents/Github_Projects/docfiscal-frontend/[39mnode_modules/[4mplaywright[24m/lib/common/process.js:65:22[90m)[39m
]]>
</system-err>
</testcase>
<testcase name="Enhanced Workflows Integration â€º payment flow with various success and failure conditions" classname="flows/enhanced-workflows-integration.spec.ts" time="1.482">
<failure message="enhanced-workflows-integration.spec.ts:412:7 payment flow with various success and failure conditions" type="FAILURE">
<![CDATA[  [Mobile Safari] â€º flows/enhanced-workflows-integration.spec.ts:412:7 â€º Enhanced Workflows Integration â€º payment flow with various success and failure conditions 

    Error: Login failed: 

       at helpers/auth.ts:79

      77 |         if (errorElement) {
      78 |           const errorText = await errorElement.textContent();
    > 79 |           throw new Error(`Login failed: ${errorText}`);
         |                 ^
      80 |         } else {
      81 |           throw new Error('Login failed: Unknown error');
      82 |         }
        at AuthHelper.login (/Users/carlos/Documents/Github_Projects/docfiscal-frontend/tests/helpers/auth.ts:79:17)
        at AuthHelper.loginWithValidUser (/Users/carlos/Documents/Github_Projects/docfiscal-frontend/tests/helpers/auth.ts:95:5)
        at /Users/carlos/Documents/Github_Projects/docfiscal-frontend/tests/flows/enhanced-workflows-integration.spec.ts:424:5

    attachment #1: screenshot (image/png) â”€â”€â”€â”€â”€â”€â”€â”€â”€â”€â”€â”€â”€â”€â”€â”€â”€â”€â”€â”€â”€â”€â”€â”€â”€â”€â”€â”€â”€â”€â”€â”€â”€â”€â”€â”€â”€â”€â”€â”€â”€â”€â”€â”€â”€â”€â”€â”€â”€â”€â”€â”€â”€â”€â”€â”€â”€â”€
    reports/test-results/flows-enhanced-workflows-i-b76ba-cess-and-failure-conditions-Mobile-Safari/test-failed-1.png
    â”€â”€â”€â”€â”€â”€â”€â”€â”€â”€â”€â”€â”€â”€â”€â”€â”€â”€â”€â”€â”€â”€â”€â”€â”€â”€â”€â”€â”€â”€â”€â”€â”€â”€â”€â”€â”€â”€â”€â”€â”€â”€â”€â”€â”€â”€â”€â”€â”€â”€â”€â”€â”€â”€â”€â”€â”€â”€â”€â”€â”€â”€â”€â”€â”€â”€â”€â”€â”€â”€â”€â”€â”€â”€â”€â”€â”€â”€â”€â”€â”€â”€â”€â”€â”€â”€â”€â”€â”€â”€â”€â”€â”€â”€â”€â”€

    attachment #2: video (video/webm) â”€â”€â”€â”€â”€â”€â”€â”€â”€â”€â”€â”€â”€â”€â”€â”€â”€â”€â”€â”€â”€â”€â”€â”€â”€â”€â”€â”€â”€â”€â”€â”€â”€â”€â”€â”€â”€â”€â”€â”€â”€â”€â”€â”€â”€â”€â”€â”€â”€â”€â”€â”€â”€â”€â”€â”€â”€â”€â”€â”€â”€â”€
    reports/test-results/flows-enhanced-workflows-i-b76ba-cess-and-failure-conditions-Mobile-Safari/video.webm
    â”€â”€â”€â”€â”€â”€â”€â”€â”€â”€â”€â”€â”€â”€â”€â”€â”€â”€â”€â”€â”€â”€â”€â”€â”€â”€â”€â”€â”€â”€â”€â”€â”€â”€â”€â”€â”€â”€â”€â”€â”€â”€â”€â”€â”€â”€â”€â”€â”€â”€â”€â”€â”€â”€â”€â”€â”€â”€â”€â”€â”€â”€â”€â”€â”€â”€â”€â”€â”€â”€â”€â”€â”€â”€â”€â”€â”€â”€â”€â”€â”€â”€â”€â”€â”€â”€â”€â”€â”€â”€â”€â”€â”€â”€â”€â”€

    Error Context: reports/test-results/flows-enhanced-workflows-i-b76ba-cess-and-failure-conditions-Mobile-Safari/error-context.md
]]>
</failure>
<system-out>
<![CDATA[ðŸ’³ Testing payment flow with various conditions
ðŸ” Logging in with email: test@docfiscal.com

[[ATTACHMENT|../test-results/flows-enhanced-workflows-i-b76ba-cess-and-failure-conditions-Mobile-Safari/test-failed-1.png]]

[[ATTACHMENT|../test-results/flows-enhanced-workflows-i-b76ba-cess-and-failure-conditions-Mobile-Safari/video.webm]]

[[ATTACHMENT|../test-results/flows-enhanced-workflows-i-b76ba-cess-and-failure-conditions-Mobile-Safari/error-context.md]]
]]>
</system-out>
<system-err>
<![CDATA[âŒ Login failed: Error: Login failed: 
    at AuthHelper.login [90m(/Users/carlos/Documents/Github_Projects/docfiscal-frontend/[39mtests/helpers/auth.ts:79:17[90m)[39m
[90m    at runNextTicks (node:internal/process/task_queues:60:5)[39m
[90m    at processImmediate (node:internal/timers:449:9)[39m
[90m    at process.callbackTrampoline (node:internal/async_hooks:130:17)[39m
    at AuthHelper.loginWithValidUser [90m(/Users/carlos/Documents/Github_Projects/docfiscal-frontend/[39mtests/helpers/auth.ts:95:5[90m)[39m
    at [90m/Users/carlos/Documents/Github_Projects/docfiscal-frontend/[39mtests/flows/enhanced-workflows-integration.spec.ts:424:5
    at [90m/Users/carlos/Documents/Github_Projects/docfiscal-frontend/[39mnode_modules/[4mplaywright[24m/lib/worker/workerMain.js:322:9
    at [90m/Users/carlos/Documents/Github_Projects/docfiscal-frontend/[39mnode_modules/[4mplaywright[24m/lib/worker/testInfo.js:311:11
    at TimeoutManager.withRunnable [90m(/Users/carlos/Documents/Github_Projects/docfiscal-frontend/[39mnode_modules/[4mplaywright[24m/lib/worker/timeoutManager.js:67:14[90m)[39m
    at TestInfoImpl._runWithTimeout [90m(/Users/carlos/Documents/Github_Projects/docfiscal-frontend/[39mnode_modules/[4mplaywright[24m/lib/worker/testInfo.js:309:7[90m)[39m
    at [90m/Users/carlos/Documents/Github_Projects/docfiscal-frontend/[39mnode_modules/[4mplaywright[24m/lib/worker/workerMain.js:320:7
    at WorkerMain._runTest [90m(/Users/carlos/Documents/Github_Projects/docfiscal-frontend/[39mnode_modules/[4mplaywright[24m/lib/worker/workerMain.js:295:5[90m)[39m
    at WorkerMain.runTestGroup [90m(/Users/carlos/Documents/Github_Projects/docfiscal-frontend/[39mnode_modules/[4mplaywright[24m/lib/worker/workerMain.js:199:11[90m)[39m
    at process.<anonymous> [90m(/Users/carlos/Documents/Github_Projects/docfiscal-frontend/[39mnode_modules/[4mplaywright[24m/lib/common/process.js:65:22[90m)[39m
]]>
</system-err>
</testcase>
<testcase name="Enhanced Workflows Integration â€º error recovery and user guidance across workflows" classname="flows/enhanced-workflows-integration.spec.ts" time="1.283">
<failure message="enhanced-workflows-integration.spec.ts:597:7 error recovery and user guidance across workflows" type="FAILURE">
<![CDATA[  [Mobile Safari] â€º flows/enhanced-workflows-integration.spec.ts:597:7 â€º Enhanced Workflows Integration â€º error recovery and user guidance across workflows 

    Error: Login failed: 

       at helpers/auth.ts:79

      77 |         if (errorElement) {
      78 |           const errorText = await errorElement.textContent();
    > 79 |           throw new Error(`Login failed: ${errorText}`);
         |                 ^
      80 |         } else {
      81 |           throw new Error('Login failed: Unknown error');
      82 |         }
        at AuthHelper.login (/Users/carlos/Documents/Github_Projects/docfiscal-frontend/tests/helpers/auth.ts:79:17)
        at AuthHelper.loginWithValidUser (/Users/carlos/Documents/Github_Projects/docfiscal-frontend/tests/helpers/auth.ts:95:5)
        at /Users/carlos/Documents/Github_Projects/docfiscal-frontend/tests/flows/enhanced-workflows-integration.spec.ts:608:5

    attachment #1: screenshot (image/png) â”€â”€â”€â”€â”€â”€â”€â”€â”€â”€â”€â”€â”€â”€â”€â”€â”€â”€â”€â”€â”€â”€â”€â”€â”€â”€â”€â”€â”€â”€â”€â”€â”€â”€â”€â”€â”€â”€â”€â”€â”€â”€â”€â”€â”€â”€â”€â”€â”€â”€â”€â”€â”€â”€â”€â”€â”€â”€
    reports/test-results/flows-enhanced-workflows-i-d1e3f-r-guidance-across-workflows-Mobile-Safari/test-failed-1.png
    â”€â”€â”€â”€â”€â”€â”€â”€â”€â”€â”€â”€â”€â”€â”€â”€â”€â”€â”€â”€â”€â”€â”€â”€â”€â”€â”€â”€â”€â”€â”€â”€â”€â”€â”€â”€â”€â”€â”€â”€â”€â”€â”€â”€â”€â”€â”€â”€â”€â”€â”€â”€â”€â”€â”€â”€â”€â”€â”€â”€â”€â”€â”€â”€â”€â”€â”€â”€â”€â”€â”€â”€â”€â”€â”€â”€â”€â”€â”€â”€â”€â”€â”€â”€â”€â”€â”€â”€â”€â”€â”€â”€â”€â”€â”€â”€

    attachment #2: video (video/webm) â”€â”€â”€â”€â”€â”€â”€â”€â”€â”€â”€â”€â”€â”€â”€â”€â”€â”€â”€â”€â”€â”€â”€â”€â”€â”€â”€â”€â”€â”€â”€â”€â”€â”€â”€â”€â”€â”€â”€â”€â”€â”€â”€â”€â”€â”€â”€â”€â”€â”€â”€â”€â”€â”€â”€â”€â”€â”€â”€â”€â”€â”€
    reports/test-results/flows-enhanced-workflows-i-d1e3f-r-guidance-across-workflows-Mobile-Safari/video.webm
    â”€â”€â”€â”€â”€â”€â”€â”€â”€â”€â”€â”€â”€â”€â”€â”€â”€â”€â”€â”€â”€â”€â”€â”€â”€â”€â”€â”€â”€â”€â”€â”€â”€â”€â”€â”€â”€â”€â”€â”€â”€â”€â”€â”€â”€â”€â”€â”€â”€â”€â”€â”€â”€â”€â”€â”€â”€â”€â”€â”€â”€â”€â”€â”€â”€â”€â”€â”€â”€â”€â”€â”€â”€â”€â”€â”€â”€â”€â”€â”€â”€â”€â”€â”€â”€â”€â”€â”€â”€â”€â”€â”€â”€â”€â”€â”€

    Error Context: reports/test-results/flows-enhanced-workflows-i-d1e3f-r-guidance-across-workflows-Mobile-Safari/error-context.md
]]>
</failure>
<system-out>
<![CDATA[ðŸ› ï¸ Testing error recovery and user guidance
ðŸ” Logging in with email: test@docfiscal.com

[[ATTACHMENT|../test-results/flows-enhanced-workflows-i-d1e3f-r-guidance-across-workflows-Mobile-Safari/test-failed-1.png]]

[[ATTACHMENT|../test-results/flows-enhanced-workflows-i-d1e3f-r-guidance-across-workflows-Mobile-Safari/video.webm]]

[[ATTACHMENT|../test-results/flows-enhanced-workflows-i-d1e3f-r-guidance-across-workflows-Mobile-Safari/error-context.md]]
]]>
</system-out>
<system-err>
<![CDATA[âŒ Login failed: Error: Login failed: 
    at AuthHelper.login [90m(/Users/carlos/Documents/Github_Projects/docfiscal-frontend/[39mtests/helpers/auth.ts:79:17[90m)[39m
[90m    at runNextTicks (node:internal/process/task_queues:60:5)[39m
[90m    at processImmediate (node:internal/timers:449:9)[39m
[90m    at process.callbackTrampoline (node:internal/async_hooks:130:17)[39m
    at AuthHelper.loginWithValidUser [90m(/Users/carlos/Documents/Github_Projects/docfiscal-frontend/[39mtests/helpers/auth.ts:95:5[90m)[39m
    at [90m/Users/carlos/Documents/Github_Projects/docfiscal-frontend/[39mtests/flows/enhanced-workflows-integration.spec.ts:608:5
    at [90m/Users/carlos/Documents/Github_Projects/docfiscal-frontend/[39mnode_modules/[4mplaywright[24m/lib/worker/workerMain.js:322:9
    at [90m/Users/carlos/Documents/Github_Projects/docfiscal-frontend/[39mnode_modules/[4mplaywright[24m/lib/worker/testInfo.js:311:11
    at TimeoutManager.withRunnable [90m(/Users/carlos/Documents/Github_Projects/docfiscal-frontend/[39mnode_modules/[4mplaywright[24m/lib/worker/timeoutManager.js:67:14[90m)[39m
    at TestInfoImpl._runWithTimeout [90m(/Users/carlos/Documents/Github_Projects/docfiscal-frontend/[39mnode_modules/[4mplaywright[24m/lib/worker/testInfo.js:309:7[90m)[39m
    at [90m/Users/carlos/Documents/Github_Projects/docfiscal-frontend/[39mnode_modules/[4mplaywright[24m/lib/worker/workerMain.js:320:7
    at WorkerMain._runTest [90m(/Users/carlos/Documents/Github_Projects/docfiscal-frontend/[39mnode_modules/[4mplaywright[24m/lib/worker/workerMain.js:295:5[90m)[39m
    at WorkerMain.runTestGroup [90m(/Users/carlos/Documents/Github_Projects/docfiscal-frontend/[39mnode_modules/[4mplaywright[24m/lib/worker/workerMain.js:199:11[90m)[39m
    at process.<anonymous> [90m(/Users/carlos/Documents/Github_Projects/docfiscal-frontend/[39mnode_modules/[4mplaywright[24m/lib/common/process.js:65:22[90m)[39m
]]>
</system-err>
</testcase>
</testsuite>
</testsuites>