<testsuites id="" name="" tests="10" failures="10" skipped="0" errors="0" time="20.384207999999997">
<testsuite name="flows/complete-user-flow.spec.ts" timestamp="2025-12-30T20:40:15.514Z" hostname="chromium" tests="2" failures="2" skipped="0" time="3.372" errors="0">
<testcase name="Complete User Flow - Account Creation to File Upload › should complete full user journey: register → login → dashboard → upload" classname="flows/complete-user-flow.spec.ts" time="1.685">
<failure message="complete-user-flow.spec.ts:98:7 should complete full user journey: register → login → dashboard → upload" type="FAILURE">
<![CDATA[  [chromium] › flows/complete-user-flow.spec.ts:98:7 › Complete User Flow - Account Creation to File Upload › should complete full user journey: register → login → dashboard → upload 

    TypeError: networkLogger.startMonitoring is not a function

      32 |     
      33 |     // Start network monitoring
    > 34 |     await networkLogger.startMonitoring();
         |                         ^
      35 |     
      36 |     // Add console logging to debug authentication issues
      37 |     page.on('console', (msg) => {
        at /Users/carlos/Documents/Github_Projects/docfiscal-frontend/tests/flows/complete-user-flow.spec.ts:34:25

    TypeError: networkLogger.stopMonitoring is not a function

      66 |   test.afterEach(async ({ page }) => {
      67 |     // Stop network monitoring and get logs
    > 68 |     const networkLogs = await networkLogger.stopMonitoring();
         |                                             ^
      69 |     
      70 |     // Log network activity for debugging
      71 |     console.log('\n=== NETWORK ACTIVITY ===');
        at /Users/carlos/Documents/Github_Projects/docfiscal-frontend/tests/flows/complete-user-flow.spec.ts:68:45

    attachment #1: screenshot (image/png) ──────────────────────────────────────────────────────────
    reports/test-results/flows-complete-user-flow-C-d8dc6--login-→-dashboard-→-upload-chromium/test-failed-1.png
    ────────────────────────────────────────────────────────────────────────────────────────────────

    attachment #2: video (video/webm) ──────────────────────────────────────────────────────────────
    reports/test-results/flows-complete-user-flow-C-d8dc6--login-→-dashboard-→-upload-chromium/video.webm
    ────────────────────────────────────────────────────────────────────────────────────────────────
]]>
</failure>
<system-out>
<![CDATA[
[[ATTACHMENT|../test-results/flows-complete-user-flow-C-d8dc6--login-→-dashboard-→-upload-chromium/test-failed-1.png]]

[[ATTACHMENT|../test-results/flows-complete-user-flow-C-d8dc6--login-→-dashboard-→-upload-chromium/video.webm]]
]]>
</system-out>
</testcase>
<testcase name="Complete User Flow - Account Creation to File Upload › should handle login redirect issues specifically" classname="flows/complete-user-flow.spec.ts" time="1.687">
<failure message="complete-user-flow.spec.ts:333:7 should handle login redirect issues specifically" type="FAILURE">
<![CDATA[  [chromium] › flows/complete-user-flow.spec.ts:333:7 › Complete User Flow - Account Creation to File Upload › should handle login redirect issues specifically 

    TypeError: networkLogger.startMonitoring is not a function

      32 |     
      33 |     // Start network monitoring
    > 34 |     await networkLogger.startMonitoring();
         |                         ^
      35 |     
      36 |     // Add console logging to debug authentication issues
      37 |     page.on('console', (msg) => {
        at /Users/carlos/Documents/Github_Projects/docfiscal-frontend/tests/flows/complete-user-flow.spec.ts:34:25

    TypeError: networkLogger.stopMonitoring is not a function

      66 |   test.afterEach(async ({ page }) => {
      67 |     // Stop network monitoring and get logs
    > 68 |     const networkLogs = await networkLogger.stopMonitoring();
         |                                             ^
      69 |     
      70 |     // Log network activity for debugging
      71 |     console.log('\n=== NETWORK ACTIVITY ===');
        at /Users/carlos/Documents/Github_Projects/docfiscal-frontend/tests/flows/complete-user-flow.spec.ts:68:45

    attachment #1: screenshot (image/png) ──────────────────────────────────────────────────────────
    reports/test-results/flows-complete-user-flow-C-a1e3c-edirect-issues-specifically-chromium/test-failed-1.png
    ────────────────────────────────────────────────────────────────────────────────────────────────

    attachment #2: video (video/webm) ──────────────────────────────────────────────────────────────
    reports/test-results/flows-complete-user-flow-C-a1e3c-edirect-issues-specifically-chromium/video.webm
    ────────────────────────────────────────────────────────────────────────────────────────────────
]]>
</failure>
<system-out>
<![CDATA[
[[ATTACHMENT|../test-results/flows-complete-user-flow-C-a1e3c-edirect-issues-specifically-chromium/test-failed-1.png]]

[[ATTACHMENT|../test-results/flows-complete-user-flow-C-a1e3c-edirect-issues-specifically-chromium/video.webm]]
]]>
</system-out>
</testcase>
</testsuite>
<testsuite name="flows/complete-user-flow.spec.ts" timestamp="2025-12-30T20:40:15.514Z" hostname="firefox" tests="2" failures="2" skipped="0" time="5.093" errors="0">
<testcase name="Complete User Flow - Account Creation to File Upload › should complete full user journey: register → login → dashboard → upload" classname="flows/complete-user-flow.spec.ts" time="3.006">
<failure message="complete-user-flow.spec.ts:98:7 should complete full user journey: register → login → dashboard → upload" type="FAILURE">
<![CDATA[  [firefox] › flows/complete-user-flow.spec.ts:98:7 › Complete User Flow - Account Creation to File Upload › should complete full user journey: register → login → dashboard → upload 

    TypeError: networkLogger.startMonitoring is not a function

      32 |     
      33 |     // Start network monitoring
    > 34 |     await networkLogger.startMonitoring();
         |                         ^
      35 |     
      36 |     // Add console logging to debug authentication issues
      37 |     page.on('console', (msg) => {
        at /Users/carlos/Documents/Github_Projects/docfiscal-frontend/tests/flows/complete-user-flow.spec.ts:34:25

    TypeError: networkLogger.stopMonitoring is not a function

      66 |   test.afterEach(async ({ page }) => {
      67 |     // Stop network monitoring and get logs
    > 68 |     const networkLogs = await networkLogger.stopMonitoring();
         |                                             ^
      69 |     
      70 |     // Log network activity for debugging
      71 |     console.log('\n=== NETWORK ACTIVITY ===');
        at /Users/carlos/Documents/Github_Projects/docfiscal-frontend/tests/flows/complete-user-flow.spec.ts:68:45

    attachment #1: screenshot (image/png) ──────────────────────────────────────────────────────────
    reports/test-results/flows-complete-user-flow-C-d8dc6--login-→-dashboard-→-upload-firefox/test-failed-1.png
    ────────────────────────────────────────────────────────────────────────────────────────────────

    attachment #2: video (video/webm) ──────────────────────────────────────────────────────────────
    reports/test-results/flows-complete-user-flow-C-d8dc6--login-→-dashboard-→-upload-firefox/video.webm
    ────────────────────────────────────────────────────────────────────────────────────────────────
]]>
</failure>
<system-out>
<![CDATA[
[[ATTACHMENT|../test-results/flows-complete-user-flow-C-d8dc6--login-→-dashboard-→-upload-firefox/test-failed-1.png]]

[[ATTACHMENT|../test-results/flows-complete-user-flow-C-d8dc6--login-→-dashboard-→-upload-firefox/video.webm]]
]]>
</system-out>
</testcase>
<testcase name="Complete User Flow - Account Creation to File Upload › should handle login redirect issues specifically" classname="flows/complete-user-flow.spec.ts" time="2.087">
<failure message="complete-user-flow.spec.ts:333:7 should handle login redirect issues specifically" type="FAILURE">
<![CDATA[  [firefox] › flows/complete-user-flow.spec.ts:333:7 › Complete User Flow - Account Creation to File Upload › should handle login redirect issues specifically 

    TypeError: networkLogger.startMonitoring is not a function

      32 |     
      33 |     // Start network monitoring
    > 34 |     await networkLogger.startMonitoring();
         |                         ^
      35 |     
      36 |     // Add console logging to debug authentication issues
      37 |     page.on('console', (msg) => {
        at /Users/carlos/Documents/Github_Projects/docfiscal-frontend/tests/flows/complete-user-flow.spec.ts:34:25

    TypeError: networkLogger.stopMonitoring is not a function

      66 |   test.afterEach(async ({ page }) => {
      67 |     // Stop network monitoring and get logs
    > 68 |     const networkLogs = await networkLogger.stopMonitoring();
         |                                             ^
      69 |     
      70 |     // Log network activity for debugging
      71 |     console.log('\n=== NETWORK ACTIVITY ===');
        at /Users/carlos/Documents/Github_Projects/docfiscal-frontend/tests/flows/complete-user-flow.spec.ts:68:45

    attachment #1: screenshot (image/png) ──────────────────────────────────────────────────────────
    reports/test-results/flows-complete-user-flow-C-a1e3c-edirect-issues-specifically-firefox/test-failed-1.png
    ────────────────────────────────────────────────────────────────────────────────────────────────

    attachment #2: video (video/webm) ──────────────────────────────────────────────────────────────
    reports/test-results/flows-complete-user-flow-C-a1e3c-edirect-issues-specifically-firefox/video.webm
    ────────────────────────────────────────────────────────────────────────────────────────────────
]]>
</failure>
<system-out>
<![CDATA[
[[ATTACHMENT|../test-results/flows-complete-user-flow-C-a1e3c-edirect-issues-specifically-firefox/test-failed-1.png]]

[[ATTACHMENT|../test-results/flows-complete-user-flow-C-a1e3c-edirect-issues-specifically-firefox/video.webm]]
]]>
</system-out>
</testcase>
</testsuite>
<testsuite name="flows/complete-user-flow.spec.ts" timestamp="2025-12-30T20:40:15.514Z" hostname="webkit" tests="2" failures="2" skipped="0" time="7.876" errors="0">
<testcase name="Complete User Flow - Account Creation to File Upload › should complete full user journey: register → login → dashboard → upload" classname="flows/complete-user-flow.spec.ts" time="3.938">
<failure message="complete-user-flow.spec.ts:98:7 should complete full user journey: register → login → dashboard → upload" type="FAILURE">
<![CDATA[  [webkit] › flows/complete-user-flow.spec.ts:98:7 › Complete User Flow - Account Creation to File Upload › should complete full user journey: register → login → dashboard → upload 

    TypeError: networkLogger.startMonitoring is not a function

      32 |     
      33 |     // Start network monitoring
    > 34 |     await networkLogger.startMonitoring();
         |                         ^
      35 |     
      36 |     // Add console logging to debug authentication issues
      37 |     page.on('console', (msg) => {
        at /Users/carlos/Documents/Github_Projects/docfiscal-frontend/tests/flows/complete-user-flow.spec.ts:34:25

    TypeError: networkLogger.stopMonitoring is not a function

      66 |   test.afterEach(async ({ page }) => {
      67 |     // Stop network monitoring and get logs
    > 68 |     const networkLogs = await networkLogger.stopMonitoring();
         |                                             ^
      69 |     
      70 |     // Log network activity for debugging
      71 |     console.log('\n=== NETWORK ACTIVITY ===');
        at /Users/carlos/Documents/Github_Projects/docfiscal-frontend/tests/flows/complete-user-flow.spec.ts:68:45

    attachment #1: screenshot (image/png) ──────────────────────────────────────────────────────────
    reports/test-results/flows-complete-user-flow-C-d8dc6--login-→-dashboard-→-upload-webkit/test-failed-1.png
    ────────────────────────────────────────────────────────────────────────────────────────────────

    attachment #2: video (video/webm) ──────────────────────────────────────────────────────────────
    reports/test-results/flows-complete-user-flow-C-d8dc6--login-→-dashboard-→-upload-webkit/video.webm
    ────────────────────────────────────────────────────────────────────────────────────────────────
]]>
</failure>
<system-out>
<![CDATA[
[[ATTACHMENT|../test-results/flows-complete-user-flow-C-d8dc6--login-→-dashboard-→-upload-webkit/test-failed-1.png]]

[[ATTACHMENT|../test-results/flows-complete-user-flow-C-d8dc6--login-→-dashboard-→-upload-webkit/video.webm]]
]]>
</system-out>
</testcase>
<testcase name="Complete User Flow - Account Creation to File Upload › should handle login redirect issues specifically" classname="flows/complete-user-flow.spec.ts" time="3.938">
<failure message="complete-user-flow.spec.ts:333:7 should handle login redirect issues specifically" type="FAILURE">
<![CDATA[  [webkit] › flows/complete-user-flow.spec.ts:333:7 › Complete User Flow - Account Creation to File Upload › should handle login redirect issues specifically 

    TypeError: networkLogger.startMonitoring is not a function

      32 |     
      33 |     // Start network monitoring
    > 34 |     await networkLogger.startMonitoring();
         |                         ^
      35 |     
      36 |     // Add console logging to debug authentication issues
      37 |     page.on('console', (msg) => {
        at /Users/carlos/Documents/Github_Projects/docfiscal-frontend/tests/flows/complete-user-flow.spec.ts:34:25

    TypeError: networkLogger.stopMonitoring is not a function

      66 |   test.afterEach(async ({ page }) => {
      67 |     // Stop network monitoring and get logs
    > 68 |     const networkLogs = await networkLogger.stopMonitoring();
         |                                             ^
      69 |     
      70 |     // Log network activity for debugging
      71 |     console.log('\n=== NETWORK ACTIVITY ===');
        at /Users/carlos/Documents/Github_Projects/docfiscal-frontend/tests/flows/complete-user-flow.spec.ts:68:45

    attachment #1: screenshot (image/png) ──────────────────────────────────────────────────────────
    reports/test-results/flows-complete-user-flow-C-a1e3c-edirect-issues-specifically-webkit/test-failed-1.png
    ────────────────────────────────────────────────────────────────────────────────────────────────

    attachment #2: video (video/webm) ──────────────────────────────────────────────────────────────
    reports/test-results/flows-complete-user-flow-C-a1e3c-edirect-issues-specifically-webkit/video.webm
    ────────────────────────────────────────────────────────────────────────────────────────────────
]]>
</failure>
<system-out>
<![CDATA[
[[ATTACHMENT|../test-results/flows-complete-user-flow-C-a1e3c-edirect-issues-specifically-webkit/test-failed-1.png]]

[[ATTACHMENT|../test-results/flows-complete-user-flow-C-a1e3c-edirect-issues-specifically-webkit/video.webm]]
]]>
</system-out>
</testcase>
</testsuite>
<testsuite name="flows/complete-user-flow.spec.ts" timestamp="2025-12-30T20:40:15.514Z" hostname="Mobile Chrome" tests="2" failures="2" skipped="0" time="3.848" errors="0">
<testcase name="Complete User Flow - Account Creation to File Upload › should complete full user journey: register → login → dashboard → upload" classname="flows/complete-user-flow.spec.ts" time="1.937">
<failure message="complete-user-flow.spec.ts:98:7 should complete full user journey: register → login → dashboard → upload" type="FAILURE">
<![CDATA[  [Mobile Chrome] › flows/complete-user-flow.spec.ts:98:7 › Complete User Flow - Account Creation to File Upload › should complete full user journey: register → login → dashboard → upload 

    TypeError: networkLogger.startMonitoring is not a function

      32 |     
      33 |     // Start network monitoring
    > 34 |     await networkLogger.startMonitoring();
         |                         ^
      35 |     
      36 |     // Add console logging to debug authentication issues
      37 |     page.on('console', (msg) => {
        at /Users/carlos/Documents/Github_Projects/docfiscal-frontend/tests/flows/complete-user-flow.spec.ts:34:25

    TypeError: networkLogger.stopMonitoring is not a function

      66 |   test.afterEach(async ({ page }) => {
      67 |     // Stop network monitoring and get logs
    > 68 |     const networkLogs = await networkLogger.stopMonitoring();
         |                                             ^
      69 |     
      70 |     // Log network activity for debugging
      71 |     console.log('\n=== NETWORK ACTIVITY ===');
        at /Users/carlos/Documents/Github_Projects/docfiscal-frontend/tests/flows/complete-user-flow.spec.ts:68:45

    attachment #1: screenshot (image/png) ──────────────────────────────────────────────────────────
    reports/test-results/flows-complete-user-flow-C-d8dc6--login-→-dashboard-→-upload-Mobile-Chrome/test-failed-1.png
    ────────────────────────────────────────────────────────────────────────────────────────────────

    attachment #2: video (video/webm) ──────────────────────────────────────────────────────────────
    reports/test-results/flows-complete-user-flow-C-d8dc6--login-→-dashboard-→-upload-Mobile-Chrome/video.webm
    ────────────────────────────────────────────────────────────────────────────────────────────────
]]>
</failure>
<system-out>
<![CDATA[
[[ATTACHMENT|../test-results/flows-complete-user-flow-C-d8dc6--login-→-dashboard-→-upload-Mobile-Chrome/test-failed-1.png]]

[[ATTACHMENT|../test-results/flows-complete-user-flow-C-d8dc6--login-→-dashboard-→-upload-Mobile-Chrome/video.webm]]
]]>
</system-out>
</testcase>
<testcase name="Complete User Flow - Account Creation to File Upload › should handle login redirect issues specifically" classname="flows/complete-user-flow.spec.ts" time="1.911">
<failure message="complete-user-flow.spec.ts:333:7 should handle login redirect issues specifically" type="FAILURE">
<![CDATA[  [Mobile Chrome] › flows/complete-user-flow.spec.ts:333:7 › Complete User Flow - Account Creation to File Upload › should handle login redirect issues specifically 

    TypeError: networkLogger.startMonitoring is not a function

      32 |     
      33 |     // Start network monitoring
    > 34 |     await networkLogger.startMonitoring();
         |                         ^
      35 |     
      36 |     // Add console logging to debug authentication issues
      37 |     page.on('console', (msg) => {
        at /Users/carlos/Documents/Github_Projects/docfiscal-frontend/tests/flows/complete-user-flow.spec.ts:34:25

    TypeError: networkLogger.stopMonitoring is not a function

      66 |   test.afterEach(async ({ page }) => {
      67 |     // Stop network monitoring and get logs
    > 68 |     const networkLogs = await networkLogger.stopMonitoring();
         |                                             ^
      69 |     
      70 |     // Log network activity for debugging
      71 |     console.log('\n=== NETWORK ACTIVITY ===');
        at /Users/carlos/Documents/Github_Projects/docfiscal-frontend/tests/flows/complete-user-flow.spec.ts:68:45

    attachment #1: screenshot (image/png) ──────────────────────────────────────────────────────────
    reports/test-results/flows-complete-user-flow-C-a1e3c-edirect-issues-specifically-Mobile-Chrome/test-failed-1.png
    ────────────────────────────────────────────────────────────────────────────────────────────────

    attachment #2: video (video/webm) ──────────────────────────────────────────────────────────────
    reports/test-results/flows-complete-user-flow-C-a1e3c-edirect-issues-specifically-Mobile-Chrome/video.webm
    ────────────────────────────────────────────────────────────────────────────────────────────────
]]>
</failure>
<system-out>
<![CDATA[
[[ATTACHMENT|../test-results/flows-complete-user-flow-C-a1e3c-edirect-issues-specifically-Mobile-Chrome/test-failed-1.png]]

[[ATTACHMENT|../test-results/flows-complete-user-flow-C-a1e3c-edirect-issues-specifically-Mobile-Chrome/video.webm]]
]]>
</system-out>
</testcase>
</testsuite>
<testsuite name="flows/complete-user-flow.spec.ts" timestamp="2025-12-30T20:40:15.514Z" hostname="Mobile Safari" tests="2" failures="2" skipped="0" time="1.698" errors="0">
<testcase name="Complete User Flow - Account Creation to File Upload › should complete full user journey: register → login → dashboard → upload" classname="flows/complete-user-flow.spec.ts" time="0.849">
<failure message="complete-user-flow.spec.ts:98:7 should complete full user journey: register → login → dashboard → upload" type="FAILURE">
<![CDATA[  [Mobile Safari] › flows/complete-user-flow.spec.ts:98:7 › Complete User Flow - Account Creation to File Upload › should complete full user journey: register → login → dashboard → upload 

    TypeError: networkLogger.startMonitoring is not a function

      32 |     
      33 |     // Start network monitoring
    > 34 |     await networkLogger.startMonitoring();
         |                         ^
      35 |     
      36 |     // Add console logging to debug authentication issues
      37 |     page.on('console', (msg) => {
        at /Users/carlos/Documents/Github_Projects/docfiscal-frontend/tests/flows/complete-user-flow.spec.ts:34:25

    TypeError: networkLogger.stopMonitoring is not a function

      66 |   test.afterEach(async ({ page }) => {
      67 |     // Stop network monitoring and get logs
    > 68 |     const networkLogs = await networkLogger.stopMonitoring();
         |                                             ^
      69 |     
      70 |     // Log network activity for debugging
      71 |     console.log('\n=== NETWORK ACTIVITY ===');
        at /Users/carlos/Documents/Github_Projects/docfiscal-frontend/tests/flows/complete-user-flow.spec.ts:68:45

    attachment #1: screenshot (image/png) ──────────────────────────────────────────────────────────
    reports/test-results/flows-complete-user-flow-C-d8dc6--login-→-dashboard-→-upload-Mobile-Safari/test-failed-1.png
    ────────────────────────────────────────────────────────────────────────────────────────────────

    attachment #2: video (video/webm) ──────────────────────────────────────────────────────────────
    reports/test-results/flows-complete-user-flow-C-d8dc6--login-→-dashboard-→-upload-Mobile-Safari/video.webm
    ────────────────────────────────────────────────────────────────────────────────────────────────
]]>
</failure>
<system-out>
<![CDATA[
[[ATTACHMENT|../test-results/flows-complete-user-flow-C-d8dc6--login-→-dashboard-→-upload-Mobile-Safari/test-failed-1.png]]

[[ATTACHMENT|../test-results/flows-complete-user-flow-C-d8dc6--login-→-dashboard-→-upload-Mobile-Safari/video.webm]]
]]>
</system-out>
</testcase>
<testcase name="Complete User Flow - Account Creation to File Upload › should handle login redirect issues specifically" classname="flows/complete-user-flow.spec.ts" time="0.849">
<failure message="complete-user-flow.spec.ts:333:7 should handle login redirect issues specifically" type="FAILURE">
<![CDATA[  [Mobile Safari] › flows/complete-user-flow.spec.ts:333:7 › Complete User Flow - Account Creation to File Upload › should handle login redirect issues specifically 

    TypeError: networkLogger.startMonitoring is not a function

      32 |     
      33 |     // Start network monitoring
    > 34 |     await networkLogger.startMonitoring();
         |                         ^
      35 |     
      36 |     // Add console logging to debug authentication issues
      37 |     page.on('console', (msg) => {
        at /Users/carlos/Documents/Github_Projects/docfiscal-frontend/tests/flows/complete-user-flow.spec.ts:34:25

    TypeError: networkLogger.stopMonitoring is not a function

      66 |   test.afterEach(async ({ page }) => {
      67 |     // Stop network monitoring and get logs
    > 68 |     const networkLogs = await networkLogger.stopMonitoring();
         |                                             ^
      69 |     
      70 |     // Log network activity for debugging
      71 |     console.log('\n=== NETWORK ACTIVITY ===');
        at /Users/carlos/Documents/Github_Projects/docfiscal-frontend/tests/flows/complete-user-flow.spec.ts:68:45

    attachment #1: screenshot (image/png) ──────────────────────────────────────────────────────────
    reports/test-results/flows-complete-user-flow-C-a1e3c-edirect-issues-specifically-Mobile-Safari/test-failed-1.png
    ────────────────────────────────────────────────────────────────────────────────────────────────

    attachment #2: video (video/webm) ──────────────────────────────────────────────────────────────
    reports/test-results/flows-complete-user-flow-C-a1e3c-edirect-issues-specifically-Mobile-Safari/video.webm
    ────────────────────────────────────────────────────────────────────────────────────────────────
]]>
</failure>
<system-out>
<![CDATA[
[[ATTACHMENT|../test-results/flows-complete-user-flow-C-a1e3c-edirect-issues-specifically-Mobile-Safari/test-failed-1.png]]

[[ATTACHMENT|../test-results/flows-complete-user-flow-C-a1e3c-edirect-issues-specifically-Mobile-Safari/video.webm]]
]]>
</system-out>
</testcase>
</testsuite>
</testsuites>